This is pdfTeX, Version 3.1415926-2.3-1.40.12 (MiKTeX 2.9) (preloaded format=latex 2018.11.6)  13 NOV 2020 15:30
entering extended mode
**F:/å·¥ä½œèµ„æ–™/03è®ºæ–‡åŠç ”ç©¶ç”Ÿæˆæœç®¡ç†/0*å­¦ç”Ÿç¨¿ä»¶ã€æŠ•ç¨¿ä¿®æ”
¹ç¨¿/2019èµµæ¾æ™—/No.1*2020.11.13/Cover*Letter/Cover*Letter.tex

("F:/å·¥ä½œèµ„æ–™/03è®ºæ–‡åŠç ”ç©¶ç”Ÿæˆæœç®¡ç†/0 å­¦ç”Ÿç¨¿ä»¶ã€æŠ•ç¨¿ä¿®æ”
¹ç¨¿/2019èµµæ¾æ™—/No.1 2020.11.13/Cover Letter/Cover Letter.tex"
LaTeX2e <2011/06/27>
Babel <v3.8m> and hyphenation patterns for loaded.
(D:\CTEX\MiKTeX\tex\latex\base\letter.cls
Document Class: letter 1999/04/29 v1.2z Standard LaTeX document class
(D:\CTEX\MiKTeX\tex\latex\base\size12.clo
File: size12.clo 2007/10/19 v1.4h Standard LaTeX file (size option)
)
\longindentation=\dimen102
\indentedwidth=\dimen103
\labelcount=\count79
)
("F:\å·¥ä½œèµ„æ–™\03è®ºæ–‡åŠç ”ç©¶ç”Ÿæˆæœç®¡ç†\0 å­¦ç”Ÿç¨¿ä»¶ã€æŠ•ç¨¿ä¿®æ”
¹ç¨¿\2019èµµæ¾æ™—\No.1 2020.11.13\Cover Letter\Cover Letter.aux")
LaTeX Font Info:    Checking defaults for OML/cmm/m/it on input line 4.
LaTeX Font Info:    ... okay on input line 4.
LaTeX Font Info:    Checking defaults for T1/cmr/m/n on input line 4.
LaTeX Font Info:    ... okay on input line 4.
LaTeX Font Info:    Checking defaults for OT1/cmr/m/n on input line 4.
LaTeX Font Info:    ... okay on input line 4.
LaTeX Font Info:    Checking defaults for OMS/cmsy/m/n on input line 4.
LaTeX Font Info:    ... okay on input line 4.
LaTeX Font Info:    Checking defaults for OMX/cmex/m/n on input line 4.
LaTeX Font Info:    ... okay on input line 4.
LaTeX Font Info:    Checking defaults for U/cmr/m/n on input line 4.
LaTeX Font Info:    ... okay on input line 4.

Underfull \hbox (badness 10000) in paragraph at lines 22--24

 []


Underfull \hbox (badness 10000) in paragraph at lines 22--24

 []

[1

]
("F:\å·¥ä½œèµ„æ–™\03è®ºæ–‡åŠç ”ç©¶ç”Ÿæˆæœç®¡ç†\0 å­¦ç”Ÿç¨¿ä»¶ã€æŠ•ç¨¿ä¿®æ”
¹ç¨¿\2019èµµæ¾æ™—\No.1 2020.11.13\Cover Letter\Cover Letter.aux") ) 
Here is how much of TeX's memory you used:
 141 strings out of 495355
 2238 string characters out of 3183882
 45842 words of memory out of 3000000
 3395 multiletter control sequences out of 15000+200000
 4285 words of font info for 16 fonts, out of 3000000 for 9000
 14 hyphenation exceptions out of 8191
 22i,4n,19p,334b,105s stack positions out of 5000i,500n,10000p,200000b,50000s

Output written on "Cover Letter.dvi" (1 page, 2292 bytes).
