This is pdfTeX, Version 3.1415926-2.3-1.40.12 (MiKTeX 2.9) (preloaded format=pdflatex 2023.4.10)  9 MAY 2023 10:16
entering extended mode
**F:/OneDrive/ÁªÑÂÜÖÊñáÁåÆ/2021*Wei/latexÊ®°Êùø/backup/0223.tex
("F:/OneDrive/ÁªÑÂÜÖÊñáÁåÆ/2021 Wei/latexÊ®°Êùø/backup/0223.tex"
LaTeX2e <2011/06/27>
Babel <v3.8m> and hyphenation patterns for loaded.
(D:\CTEX\MiKTeX\tex\latex\ieeetran\IEEEtran.cls
Document Class: IEEEtran 2007/03/05 V1.7a by Michael Shell
-- See the "IEEEtran_HOWTO" manual for usage information.
-- http://www.michaelshell.org/tex/ieeetran/
\@IEEEtrantmpdimenA=\dimen102
\@IEEEtrantmpdimenB=\dimen103
\@IEEEtrantmpcountA=\count79
\@IEEEtrantmpcountB=\count80
\@IEEEtrantmptoksA=\toks14
LaTeX Font Info:    Try loading font information for OT1+ptm on input line 366.

(D:\CTEX\MiKTeX\tex\latex\psnfss\ot1ptm.fd
File: ot1ptm.fd 2001/06/04 font definitions for OT1/ptm.
)
-- Using 8.5in x 11in (letter) paper.
-- Using PDF output.
\@IEEEnormalsizeunitybaselineskip=\dimen104
-- This is a 10 point document.
\CLASSINFOnormalsizebaselineskip=\dimen105
\CLASSINFOnormalsizeunitybaselineskip=\dimen106
\IEEEnormaljot=\dimen107
LaTeX Font Info:    Font shape `OT1/ptm/bx/n' in size <5> not available
(Font)              Font shape `OT1/ptm/b/n' tried instead on input line 724.
LaTeX Font Info:    Font shape `OT1/ptm/bx/it' in size <5> not available
(Font)              Font shape `OT1/ptm/b/it' tried instead on input line 724.
LaTeX Font Info:    Font shape `OT1/ptm/bx/n' in size <7> not available
(Font)              Font shape `OT1/ptm/b/n' tried instead on input line 724.
LaTeX Font Info:    Font shape `OT1/ptm/bx/it' in size <7> not available
(Font)              Font shape `OT1/ptm/b/it' tried instead on input line 724.
LaTeX Font Info:    Font shape `OT1/ptm/bx/n' in size <8> not available
(Font)              Font shape `OT1/ptm/b/n' tried instead on input line 724.
LaTeX Font Info:    Font shape `OT1/ptm/bx/it' in size <8> not available
(Font)              Font shape `OT1/ptm/b/it' tried instead on input line 724.
LaTeX Font Info:    Font shape `OT1/ptm/bx/n' in size <9> not available
(Font)              Font shape `OT1/ptm/b/n' tried instead on input line 724.
LaTeX Font Info:    Font shape `OT1/ptm/bx/it' in size <9> not available
(Font)              Font shape `OT1/ptm/b/it' tried instead on input line 724.
LaTeX Font Info:    Font shape `OT1/ptm/bx/n' in size <10> not available
(Font)              Font shape `OT1/ptm/b/n' tried instead on input line 724.
LaTeX Font Info:    Font shape `OT1/ptm/bx/it' in size <10> not available
(Font)              Font shape `OT1/ptm/b/it' tried instead on input line 724.
LaTeX Font Info:    Font shape `OT1/ptm/bx/n' in size <11> not available
(Font)              Font shape `OT1/ptm/b/n' tried instead on input line 724.
LaTeX Font Info:    Font shape `OT1/ptm/bx/it' in size <11> not available
(Font)              Font shape `OT1/ptm/b/it' tried instead on input line 724.
LaTeX Font Info:    Font shape `OT1/ptm/bx/n' in size <12> not available
(Font)              Font shape `OT1/ptm/b/n' tried instead on input line 724.
LaTeX Font Info:    Font shape `OT1/ptm/bx/it' in size <12> not available
(Font)              Font shape `OT1/ptm/b/it' tried instead on input line 724.
LaTeX Font Info:    Font shape `OT1/ptm/bx/n' in size <17> not available
(Font)              Font shape `OT1/ptm/b/n' tried instead on input line 724.
LaTeX Font Info:    Font shape `OT1/ptm/bx/it' in size <17> not available
(Font)              Font shape `OT1/ptm/b/it' tried instead on input line 724.
LaTeX Font Info:    Font shape `OT1/ptm/bx/n' in size <20> not available
(Font)              Font shape `OT1/ptm/b/n' tried instead on input line 724.
LaTeX Font Info:    Font shape `OT1/ptm/bx/it' in size <20> not available
(Font)              Font shape `OT1/ptm/b/it' tried instead on input line 724.
LaTeX Font Info:    Font shape `OT1/ptm/bx/n' in size <24> not available
(Font)              Font shape `OT1/ptm/b/n' tried instead on input line 724.
LaTeX Font Info:    Font shape `OT1/ptm/bx/it' in size <24> not available
(Font)              Font shape `OT1/ptm/b/it' tried instead on input line 724.
\IEEEilabelindentA=\dimen108
\IEEEilabelindentB=\dimen109
\IEEEilabelindent=\dimen110
\IEEEelabelindent=\dimen111
\IEEEdlabelindent=\dimen112
\IEEElabelindent=\dimen113
\IEEEiednormlabelsep=\dimen114
\IEEEiedmathlabelsep=\dimen115
\IEEEiedtopsep=\skip41
\c@section=\count81
\c@subsection=\count82
\c@subsubsection=\count83
\c@paragraph=\count84
\c@IEEEsubequation=\count85
\abovecaptionskip=\skip42
\belowcaptionskip=\skip43
\c@figure=\count86
\c@table=\count87
\@IEEEeqnnumcols=\count88
\@IEEEeqncolcnt=\count89
\@IEEEtmpitemindent=\dimen116
\c@IEEEbiography=\count90
\@IEEEtranrubishbin=\box26
) (D:\CTEX\MiKTeX\tex\latex\graphics\graphicx.sty
Package: graphicx 1999/02/16 v1.0f Enhanced LaTeX Graphics (DPC,SPQR)

(D:\CTEX\MiKTeX\tex\latex\graphics\keyval.sty
Package: keyval 1999/03/16 v1.13 key=value parser (DPC)
\KV@toks@=\toks15
)
(D:\CTEX\MiKTeX\tex\latex\graphics\graphics.sty
Package: graphics 2009/02/05 v1.0o Standard LaTeX Graphics (DPC,SPQR)

(D:\CTEX\MiKTeX\tex\latex\graphics\trig.sty
Package: trig 1999/03/16 v1.09 sin cos tan (DPC)
)
(D:\CTEX\MiKTeX\tex\latex\00miktex\graphics.cfg
File: graphics.cfg 2007/01/18 v1.5 graphics configuration of teTeX/TeXLive
)
Package graphics Info: Driver file: pdftex.def on input line 91.

(D:\CTEX\MiKTeX\tex\latex\pdftex-def\pdftex.def
File: pdftex.def 2011/05/27 v0.06d Graphics/color for pdfTeX

(D:\CTEX\MiKTeX\tex\generic\oberdiek\infwarerr.sty
Package: infwarerr 2010/04/08 v1.3 Providing info/warning/message (HO)
)
(D:\CTEX\MiKTeX\tex\generic\oberdiek\ltxcmds.sty
Package: ltxcmds 2011/04/18 v1.20 LaTeX kernel commands for general use (HO)
)
\Gread@gobject=\count91
))
\Gin@req@height=\dimen117
\Gin@req@width=\dimen118
)
(D:\CTEX\MiKTeX\tex\latex\caption\caption.sty
Package: caption 2011/11/10 v3.2e Customizing captions (AR)

(D:\CTEX\MiKTeX\tex\latex\caption\caption3.sty
Package: caption3 2011/11/01 v1.4a caption3 kernel (AR)
\captionmargin=\dimen119
\captionmargin@=\dimen120
\captionwidth=\dimen121
\caption@indent=\dimen122
\caption@parindent=\dimen123
\caption@hangindent=\dimen124
Package caption Info: Unknown document class (or package),
(caption)             standard defaults will be used.
)

Package caption Warning: Unsupported document class (or package) detected,
(caption)                usage of the caption package is not recommended.
See the caption package documentation for explanation.

Package caption Info: \@makecaption = \long macro:#1#2->\ifx \@captype \@IEEEta
blestring \footnotesize \begin {center}{\normalfont \footnotesize #1}\\{\normal
font \footnotesize \scshape #2}\end {center}\@IEEEtablecaptionsepspace \else \@
IEEEfigurecaptionsepspace \setbox \@tempboxa \hbox {\normalfont \footnotesize {
#1.}~~ #2}\ifdim \wd \@tempboxa >\hsize \setbox \@tempboxa \hbox {\normalfont \
footnotesize {#1.}~~ }\parbox [t]{\hsize }{\normalfont \footnotesize \noindent 
\unhbox \@tempboxa #2}\else \ifCLASSOPTIONconference \hbox to\hsize {\normalfon
t \footnotesize \hfil \box \@tempboxa \hfil }\else \hbox to\hsize {\normalfont 
\footnotesize \box \@tempboxa \hfil }\fi \fi \fi .
\c@ContinuedFloat=\count92
) (D:\CTEX\MiKTeX\tex\latex\caption\subcaption.sty
Package: subcaption 2011/10/30 v1.1c Sub-captions (AR)
\c@subfigure=\count93
\c@subtable=\count94
)
(D:\CTEX\MiKTeX\tex\latex\cite\cite.sty
LaTeX Info: Redefining \cite on input line 302.
LaTeX Info: Redefining \nocite on input line 373.
Package: cite 2010/09/10  v 5.3
)
(D:\CTEX\MiKTeX\tex\latex\ams\math\amsmath.sty
Package: amsmath 2000/07/18 v2.13 AMS math features
\@mathmargin=\skip44

For additional information on amsmath, use the `?' option.
(D:\CTEX\MiKTeX\tex\latex\ams\math\amstext.sty
Package: amstext 2000/06/29 v2.01

(D:\CTEX\MiKTeX\tex\latex\ams\math\amsgen.sty
File: amsgen.sty 1999/11/30 v2.0
\@emptytoks=\toks16
\ex@=\dimen125
))
(D:\CTEX\MiKTeX\tex\latex\ams\math\amsbsy.sty
Package: amsbsy 1999/11/29 v1.2d
\pmbraise@=\dimen126
)
(D:\CTEX\MiKTeX\tex\latex\ams\math\amsopn.sty
Package: amsopn 1999/12/14 v2.01 operator names
)
\inf@bad=\count95
LaTeX Info: Redefining \frac on input line 211.
\uproot@=\count96
\leftroot@=\count97
LaTeX Info: Redefining \overline on input line 307.
\classnum@=\count98
\DOTSCASE@=\count99
LaTeX Info: Redefining \ldots on input line 379.
LaTeX Info: Redefining \dots on input line 382.
LaTeX Info: Redefining \cdots on input line 467.
\Mathstrutbox@=\box27
\strutbox@=\box28
\big@size=\dimen127
LaTeX Font Info:    Redeclaring font encoding OML on input line 567.
LaTeX Font Info:    Redeclaring font encoding OMS on input line 568.
\macc@depth=\count100
\c@MaxMatrixCols=\count101
\dotsspace@=\muskip10
\c@parentequation=\count102
\dspbrk@lvl=\count103
\tag@help=\toks17
\row@=\count104
\column@=\count105
\maxfields@=\count106
\andhelp@=\toks18
\eqnshift@=\dimen128
\alignsep@=\dimen129
\tagshift@=\dimen130
\tagwidth@=\dimen131
\totwidth@=\dimen132
\lineht@=\dimen133
\@envbody=\toks19
\multlinegap=\skip45
\multlinetaggap=\skip46
\mathdisplay@stack=\toks20
LaTeX Info: Redefining \[ on input line 2666.
LaTeX Info: Redefining \] on input line 2667.
)
(D:\CTEX\MiKTeX\tex\latex\ams\classes\amsthm.sty
Package: amsthm 2004/08/06 v2.20
\thm@style=\toks21
\thm@bodyfont=\toks22
\thm@headfont=\toks23
\thm@notefont=\toks24
\thm@headpunct=\toks25
\thm@preskip=\skip47
\thm@postskip=\skip48
\thm@headsep=\skip49
\dth@everypar=\toks26
)
(D:\CTEX\MiKTeX\tex\latex\amsfonts\amssymb.sty
Package: amssymb 2009/06/22 v3.00

(D:\CTEX\MiKTeX\tex\latex\amsfonts\amsfonts.sty
Package: amsfonts 2009/06/22 v3.00 Basic AMSFonts support
\symAMSa=\mathgroup4
\symAMSb=\mathgroup5
LaTeX Font Info:    Overwriting math alphabet `\mathfrak' in version `bold'
(Font)                  U/euf/m/n --> U/euf/b/n on input line 96.
))
(D:\CTEX\MiKTeX\tex\latex\tools\enumerate.sty
Package: enumerate 1999/03/05 v3.00 enumerate extensions (DPC)
\@enLab=\toks27
)
(D:\CTEX\MiKTeX\tex\latex\ltxmisc\url.sty
\Urlmuskip=\muskip11
Package: url 2006/04/12  ver 3.3  Verb mode for urls, etc.
)
(D:\CTEX\MiKTeX\tex\latex\oberdiek\epstopdf.sty
Package: epstopdf 2010/02/09 v2.5 Conversion with epstopdf on the fly (HO)

(D:\CTEX\MiKTeX\tex\latex\oberdiek\epstopdf-base.sty
Package: epstopdf-base 2010/02/09 v2.5 Base part for package epstopdf

(D:\CTEX\MiKTeX\tex\latex\oberdiek\grfext.sty
Package: grfext 2010/08/19 v1.1 Managing graphics extensions (HO)

(D:\CTEX\MiKTeX\tex\generic\oberdiek\kvdefinekeys.sty
Package: kvdefinekeys 2011/04/07 v1.3 Defining keys (HO)
))
(D:\CTEX\MiKTeX\tex\latex\oberdiek\kvoptions.sty
Package: kvoptions 2010/12/23 v3.10 Keyval support for LaTeX options (HO)

(D:\CTEX\MiKTeX\tex\generic\oberdiek\kvsetkeys.sty
Package: kvsetkeys 2011/04/07 v1.13 Key value parser (HO)

(D:\CTEX\MiKTeX\tex\generic\oberdiek\etexcmds.sty
Package: etexcmds 2011/02/16 v1.5 Prefix for e-TeX command names (HO)

(D:\CTEX\MiKTeX\tex\generic\oberdiek\ifluatex.sty
Package: ifluatex 2010/03/01 v1.3 Provides the ifluatex switch (HO)
Package ifluatex Info: LuaTeX not detected.
)
Package etexcmds Info: Could not find \expanded.
(etexcmds)             That can mean that you are not using pdfTeX 1.50 or
(etexcmds)             that some package has redefined \expanded.
(etexcmds)             In the latter case, load this package earlier.
)))
(D:\CTEX\MiKTeX\tex\generic\oberdiek\pdftexcmds.sty
Package: pdftexcmds 2011/04/22 v0.16 Utilities of pdfTeX for LuaTeX (HO)

(D:\CTEX\MiKTeX\tex\generic\oberdiek\ifpdf.sty
Package: ifpdf 2011/01/30 v2.3 Provides the ifpdf switch (HO)
Package ifpdf Info: pdfTeX in PDF mode is detected.
)
Package pdftexcmds Info: LuaTeX not detected.
Package pdftexcmds Info: \pdf@primitive is available.
Package pdftexcmds Info: \pdf@ifprimitive is available.
Package pdftexcmds Info: \pdfdraftmode found.
)
Package grfext Info: Graphics extension search list:
(grfext)             [.png,.pdf,.jpg,.mps,.jpeg,.jbig2,.jb2,.PNG,.PDF,.JPG,.JPE
G,.JBIG2,.JB2,.eps]
(grfext)             \AppendGraphicsExtensions on input line 452.
))
\c@theorem=\count107
\c@lemma=\count108
\c@definition=\count109
\c@remark=\count110
\c@example=\count111

(D:\CTEX\MiKTeX\tex\latex\extarrows\extarrows.sty
Package: extarrows 2008/05/15 v1.0b Some extensible arrows
)
(D:\CTEX\MiKTeX\tex\latex\algorithms\algorithm.sty
Package: algorithm 2009/08/24 v0.1 Document Style `algorithm' - floating enviro
nment

(D:\CTEX\MiKTeX\tex\latex\float\float.sty
Package: float 2001/11/08 v1.3d Float enhancements (AL)
\c@float@type=\count112
\float@exts=\toks28
\float@box=\box29
\@float@everytoks=\toks29
\@floatcapt=\box30
)
(D:\CTEX\MiKTeX\tex\latex\base\ifthen.sty
Package: ifthen 2001/05/26 v1.1c Standard LaTeX ifthen package (DPC)
)
\@float@every@algorithm=\toks30
\c@algorithm=\count113
)
(D:\CTEX\MiKTeX\tex\latex\algorithms\algorithmic.sty
Package: algorithmic 2009/08/24 v0.1 Document Style `algorithmic'
\c@ALC@unique=\count114
\c@ALC@line=\count115
\c@ALC@rem=\count116
\c@ALC@depth=\count117
\ALC@tlm=\skip50
\algorithmicindent=\skip51
)
(D:\CTEX\MiKTeX\tex\latex\graphics\color.sty
Package: color 2005/11/14 v1.0j Standard LaTeX Color (DPC)

(D:\CTEX\MiKTeX\tex\latex\00miktex\color.cfg
File: color.cfg 2007/01/18 v1.5 color configuration of teTeX/TeXLive
)
Package color Info: Driver file: pdftex.def on input line 130.
)
(D:\CTEX\MiKTeX\tex\latex\jknappen\mathrsfs.sty
Package: mathrsfs 1996/01/01 Math RSFS package v1.0 (jk)
\symrsfs=\mathgroup6
)
(D:\CTEX\MiKTeX\tex\latex\multirow\multirow.sty
\bigstrutjot=\dimen134
)
(D:\CTEX\MiKTeX\tex\latex\cases\cases.sty
Package: cases 2002/05/02 ver 2.5 
)
No file 0223.aux.
LaTeX Font Info:    Checking defaults for OML/cmm/m/it on input line 40.
LaTeX Font Info:    ... okay on input line 40.
LaTeX Font Info:    Checking defaults for T1/cmr/m/n on input line 40.
LaTeX Font Info:    ... okay on input line 40.
LaTeX Font Info:    Checking defaults for OT1/cmr/m/n on input line 40.
LaTeX Font Info:    ... okay on input line 40.
LaTeX Font Info:    Checking defaults for OMS/cmsy/m/n on input line 40.
LaTeX Font Info:    ... okay on input line 40.
LaTeX Font Info:    Checking defaults for OMX/cmex/m/n on input line 40.
LaTeX Font Info:    ... okay on input line 40.
LaTeX Font Info:    Checking defaults for U/cmr/m/n on input line 40.
LaTeX Font Info:    ... okay on input line 40.
(D:\CTEX\MiKTeX\tex\context\base\supp-pdf.mkii
[Loading MPS to PDF converter (version 2006.09.02).]
\scratchcounter=\count118
\scratchdimen=\dimen135
\scratchbox=\box31
\nofMPsegments=\count119
\nofMParguments=\count120
\everyMPshowfont=\toks31
\MPscratchCnt=\count121
\MPscratchDim=\dimen136
\MPnumerator=\count122
\makeMPintoPDFobject=\count123
\everyMPtoPDFconversion=\toks32
)
Package caption Info: Begin \AtBeginDocument code.
Package caption Info: float package is loaded.
Package caption Info: End \AtBeginDocument code.


LaTeX Warning: No \author given.


LaTeX Warning: No \author given.

** ATTENTION: \keywords is deprecated (line 55). Use \IEEEkeywords instead.

LaTeX Warning: Citation `sym2019' on page 1 undefined on input line 59.


LaTeX Warning: Citation `Wang2020' on page 1 undefined on input line 59.

Missing character: There is no ° in font ptmr7t!
Missing character: There is no Ø in font ptmr7t!

LaTeX Warning: Citation `Ahmed2016' on page 1 undefined on input line 63.


LaTeX Warning: Citation `Dai2022' on page 1 undefined on input line 63.


LaTeX Warning: Citation `Zhou2019' on page 1 undefined on input line 63.


LaTeX Warning: Citation `Pang2021' on page 1 undefined on input line 63.


LaTeX Warning: Citation `Xie2020' on page 1 undefined on input line 65.


LaTeX Warning: Citation `Zhou2017' on page 1 undefined on input line 65.


LaTeX Warning: Citation `Tran2019' on page 1 undefined on input line 65.


LaTeX Warning: Citation `Liang2021' on page 1 undefined on input line 65.


LaTeX Warning: Citation `Liu2019' on page 1 undefined on input line 67.

LaTeX Font Info:    Try loading font information for U+msa on input line 67.
(D:\CTEX\MiKTeX\tex\latex\amsfonts\umsa.fd
File: umsa.fd 2009/06/22 v3.00 AMS symbols A
)
LaTeX Font Info:    Try loading font information for U+msb on input line 67.

(D:\CTEX\MiKTeX\tex\latex\amsfonts\umsb.fd
File: umsb.fd 2009/06/22 v3.00 AMS symbols B
)
LaTeX Font Info:    Try loading font information for U+rsfs on input line 67.

(D:\CTEX\MiKTeX\tex\latex\jknappen\ursfs.fd
File: ursfs.fd 1998/03/24 rsfs font definition file (jk)
)

LaTeX Warning: Citation `Chen2022' on page 1 undefined on input line 67.


LaTeX Warning: Citation `Wang2015' on page 1 undefined on input line 67.


LaTeX Warning: Citation `Xiao2020' on page 1 undefined on input line 67.

[1{D:/CTEX/UserData/pdftex/config/pdftex.map{Unicode.sfd}{UGBK.sfd}}


]

LaTeX Warning: Citation `Li2020' on page 2 undefined on input line 69.


LaTeX Warning: Citation `Tan2018' on page 2 undefined on input line 71.


LaTeX Warning: Citation `Wang2020' on page 2 undefined on input line 71.


LaTeX Warning: Citation `Wang2020' on page 2 undefined on input line 73.

Missing character: There is no ° in font ptmr7t!
Missing character: There is no Ø in font ptmr7t!

LaTeX Warning: Citation `Nemirovski2007' on page 2 undefined on input line 73.

Missing character: There is no ° in font ptmr7t!
Missing character: There is no Ø in font ptmr7t!
[2]

LaTeX Warning: File `figures//model2.eps' not found on input line 94.

Package epstopdf Info: Source file: <figures//model2.eps>
(epstopdf)             Output file: <figures//model2-eps-converted-to.pdf>
(epstopdf)             Command: <epstopdf --outfile=figures//model2-eps-convert
ed-to.pdf figures//model2.eps>
(epstopdf)             \includegraphics on input line 94.
Package epstopdf Info: Output file is already uptodate.

! Package pdftex.def Error: File `figures//model2-eps-converted-to.pdf' not fou
nd.

See the pdftex.def package documentation for explanation.
Type  H <return>  for immediate help.
 ...                                              
                                                  
l.94 ...degraphics[width=9cm]{figures//model2.eps}
                                                  
? 
LaTeX Font Info:    Try loading font information for OT1+pcr on input line 94.
(D:\CTEX\MiKTeX\tex\latex\psnfss\ot1pcr.fd
File: ot1pcr.fd 2001/06/04 font definitions for OT1/pcr.
)
Overfull \hbox (4.0748pt too wide) in paragraph at lines 94--95
 [][] 
 []


Overfull \hbox (8.0806pt too wide) in paragraph at lines 101--116
 [][] 
 []


LaTeX Warning: Citation `Xiao2020' on page 3 undefined on input line 119.


LaTeX Warning: Citation `Kim2011' on page 3 undefined on input line 119.


LaTeX Warning: Citation `Sakr2014' on page 3 undefined on input line 125.


LaTeX Warning: Citation `Kim2011' on page 3 undefined on input line 125.

Missing character: There is no ° in font ptmr7t!
Missing character: There is no Ø in font ptmr7t!
[3]

LaTeX Warning: Citation `Yang2015' on page 4 undefined on input line 162.


LaTeX Warning: Citation `Xiao2020' on page 4 undefined on input line 175.

Missing character: There is no £ in font ptmr7t!
Missing character: There is no ¨ in font ptmr7t!
Missing character: There is no ° in font ptmr7t!
Missing character: There is no Ø in font ptmr7t!

LaTeX Warning: Citation `liu2021' on page 4 undefined on input line 204.


LaTeX Warning: Citation `Li2020' on page 4 undefined on input line 204.

Missing character: There is no ° in font ptmr7t!
Missing character: There is no Ø in font ptmr7t!

LaTeX Warning: Citation `Bertsekas1999' on page 4 undefined on input line 206.

[4]
Overfull \hbox (14.80603pt too wide) in alignment at lines 256--258
 [][][] []
 []


LaTeX Warning: Citation `Liu2019' on page 5 undefined on input line 260.

** ATTENTION: \proof is deprecated (line 281). Use \IEEEproof instead.
[5]
Overfull \hbox (8.7701pt too wide) detected at line 365
[] []
 []

[6]
Missing character: There is no ° in font ptmr7t!
Missing character: There is no Ø in font ptmr7t!


LaTeX Warning: File `figures//pp.eps' not found on input line 443.

Package epstopdf Info: Source file: <figures//pp.eps>
(epstopdf)             Output file: <figures//pp-eps-converted-to.pdf>
(epstopdf)             Command: <epstopdf --outfile=figures//pp-eps-converted-t
o.pdf figures//pp.eps>
(epstopdf)             \includegraphics on input line 443.
Package epstopdf Info: Output file is already uptodate.

! Package pdftex.def Error: File `figures//pp-eps-converted-to.pdf' not found.

See the pdftex.def package documentation for explanation.
Type  H <return>  for immediate help.
 ...                                              
                                                  
l.443 \includegraphics[width=7cm]{figures//pp.eps}
                                                  
? 

LaTeX Warning: File `figures//ff.eps' not found on input line 450.

Package epstopdf Info: Source file: <figures//ff.eps>
(epstopdf)             Output file: <figures//ff-eps-converted-to.pdf>
(epstopdf)             Command: <epstopdf --outfile=figures//ff-eps-converted-t
o.pdf figures//ff.eps>
(epstopdf)             \includegraphics on input line 450.
Package epstopdf Info: Output file is already uptodate.

! Package pdftex.def Error: File `figures//ff-eps-converted-to.pdf' not found.

See the pdftex.def package documentation for explanation.
Type  H <return>  for immediate help.
 ...                                              
                                                  
l.450 \includegraphics[width=7cm]{figures//ff.eps}
                                                  
? 

Underfull \vbox (badness 10000) has occurred while \output is active []

 [7]

LaTeX Warning: File `figures//ee.eps' not found on input line 456.

Package epstopdf Info: Source file: <figures//ee.eps>
(epstopdf)             Output file: <figures//ee-eps-converted-to.pdf>
(epstopdf)             Command: <epstopdf --outfile=figures//ee-eps-converted-t
o.pdf figures//ee.eps>
(epstopdf)             \includegraphics on input line 456.
Package epstopdf Info: Output file is already uptodate.

! Package pdftex.def Error: File `figures//ee-eps-converted-to.pdf' not found.

See the pdftex.def package documentation for explanation.
Type  H <return>  for immediate help.
 ...                                              
                                                  
l.456 \includegraphics[width=7cm]{figures//ee.eps}
                                                  
? 
Missing character: There is no ° in font ptmr7t!
Missing character: There is no Ø in font ptmr7t!
Missing character: There is no £ in font ptmr7t!
Missing character: There is no ¨ in font ptmr7t!

LaTeX Warning: File `figures//diffspeed.eps' not found on input line 469.

Package epstopdf Info: Source file: <figures//diffspeed.eps>
(epstopdf)             Output file: <figures//diffspeed-eps-converted-to.pdf>
(epstopdf)             Command: <epstopdf --outfile=figures//diffspeed-eps-conv
erted-to.pdf figures//diffspeed.eps>
(epstopdf)             \includegraphics on input line 469.
Package epstopdf Info: Output file is already uptodate.

! Package pdftex.def Error: File `figures//diffspeed-eps-converted-to.pdf' not 
found.

See the pdftex.def package documentation for explanation.
Type  H <return>  for immediate help.
 ...                                              
                                                  
l.469 ...aphics[width=8cm]{figures//diffspeed.eps}
                                                  
? 

LaTeX Warning: File `figures//diff_e1.eps' not found on input line 475.

Package epstopdf Info: Source file: <figures//diff_e1.eps>
(epstopdf)             Output file: <figures//diff_e1-eps-converted-to.pdf>
(epstopdf)             Command: <epstopdf --outfile=figures//diff_e1-eps-conver
ted-to.pdf figures//diff_e1.eps>
(epstopdf)             \includegraphics on input line 475.
Package epstopdf Info: Output file is already uptodate.

! Package pdftex.def Error: File `figures//diff_e1-eps-converted-to.pdf' not fo
und.

See the pdftex.def package documentation for explanation.
Type  H <return>  for immediate help.
 ...                                              
                                                  
l.475 ...graphics[width=8cm]{figures//diff_e1.eps}
                                                  
? 

Underfull \vbox (badness 10000) has occurred while \output is active []

 [8]

LaTeX Warning: Citation `Xu2015' on page 9 undefined on input line 479.

Missing character: There is no ° in font ptmr7t!
Missing character: There is no ∞ in font ptmr7t!
Missing character: There is no ° in font ptmr7t!
Missing character: There is no ∞ in font ptmr7t!

LaTeX Warning: File `figures//compare.eps' not found on input line 489.

Package epstopdf Info: Source file: <figures//compare.eps>
(epstopdf)             Output file: <figures//compare-eps-converted-to.pdf>
(epstopdf)             Command: <epstopdf --outfile=figures//compare-eps-conver
ted-to.pdf figures//compare.eps>
(epstopdf)             \includegraphics on input line 489.
Package epstopdf Info: Output file is already uptodate.

! Package pdftex.def Error: File `figures//compare-eps-converted-to.pdf' not fo
und.

See the pdftex.def package documentation for explanation.
Type  H <return>  for immediate help.
 ...                                              
                                                  
l.489 ...graphics[width=8cm]{figures//compare.eps}
                                                  
? 

Underfull \vbox (badness 10000) has occurred while \output is active []



LaTeX Warning: File `figures//diff_dup.eps' not found on input line 497.

Package epstopdf Info: Source file: <figures//diff_dup.eps>
(epstopdf)             Output file: <figures//diff_dup-eps-converted-to.pdf>
(epstopdf)             Command: <epstopdf --outfile=figures//diff_dup-eps-conve
rted-to.pdf figures//diff_dup.eps>
(epstopdf)             \includegraphics on input line 497.
Package epstopdf Info: Output file is already uptodate.

! Package pdftex.def Error: File `figures//diff_dup-eps-converted-to.pdf' not f
ound.

See the pdftex.def package documentation for explanation.
Type  H <return>  for immediate help.
 ...                                              
                                                  
l.497 ...raphics[width=8cm]{figures//diff_dup.eps}
                                                  
? 

LaTeX Warning: File `figures//diff_total.eps' not found on input line 502.

Package epstopdf Info: Source file: <figures//diff_total.eps>
(epstopdf)             Output file: <figures//diff_total-eps-converted-to.pdf>
(epstopdf)             Command: <epstopdf --outfile=figures//diff_total-eps-con
verted-to.pdf figures//diff_total.eps>
(epstopdf)             \includegraphics on input line 502.
Package epstopdf Info: Output file is already uptodate.

! Package pdftex.def Error: File `figures//diff_total-eps-converted-to.pdf' not
 found.

See the pdftex.def package documentation for explanation.
Type  H <return>  for immediate help.
 ...                                              
                                                  
l.502 ...phics[width=8cm]{figures//diff_total.eps}
                                                  
? 

Underfull \vbox (badness 10000) has occurred while \output is active []

 [9]

LaTeX Warning: File `figures//diff_c.eps' not found on input line 507.

Package epstopdf Info: Source file: <figures//diff_c.eps>
(epstopdf)             Output file: <figures//diff_c-eps-converted-to.pdf>
(epstopdf)             Command: <epstopdf --outfile=figures//diff_c-eps-convert
ed-to.pdf figures//diff_c.eps>
(epstopdf)             \includegraphics on input line 507.
Package epstopdf Info: Output file is already uptodate.

! Package pdftex.def Error: File `figures//diff_c-eps-converted-to.pdf' not fou
nd.

See the pdftex.def package documentation for explanation.
Type  H <return>  for immediate help.
 ...                                              
                                                  
l.507 ...egraphics[width=8cm]{figures//diff_c.eps}
                                                  
? 

Underfull \vbox (badness 10000) has occurred while \output is active []

Missing character: There is no ° in font ptmr7t!
Missing character: There is no Ø in font ptmr7t!

No file 0223.bbl.
[10] ("F:\OneDrive\ÁªÑÂÜÖÊñáÁåÆ\2021 Wei\latexÊ®°Êùø\backup\0223.aux")

LaTeX Warning: There were undefined references.


LaTeX Warning: Label(s) may have changed. Rerun to get cross-references right.

 ) 
Here is how much of TeX's memory you used:
 4866 strings out of 495354
 71804 string characters out of 3183859
 145849 words of memory out of 3000000
 7912 multiletter control sequences out of 15000+200000
 43386 words of font info for 97 fonts, out of 3000000 for 9000
 17 hyphenation exceptions out of 8191
 42i,18n,38p,1956b,491s stack positions out of 5000i,500n,10000p,200000b,50000s
{D:/CTEX/MiKTeX/fonts/enc/dvips/fontname/8r.enc}<D:/CTEX/MiKTeX/fonts/type1/p
ublic/amsfonts/cm/cmbx10.pfb><D:/CTEX/MiKTeX/fonts/type1/public/amsfonts/cm/cmb
x7.pfb><D:/CTEX/MiKTeX/fonts/type1/public/amsfonts/cm/cmbx9.pfb><D:/CTEX/MiKTeX
/fonts/type1/public/amsfonts/cm/cmex10.pfb><D:/CTEX/MiKTeX/fonts/type1/public/a
msfonts/cmextra/cmex7.pfb><D:/CTEX/MiKTeX/fonts/type1/public/amsfonts/cmextra/c
mex9.pfb><D:/CTEX/MiKTeX/fonts/type1/public/amsfonts/cm/cmmi10.pfb><D:/CTEX/MiK
TeX/fonts/type1/public/amsfonts/cm/cmmi5.pfb><D:/CTEX/MiKTeX/fonts/type1/public
/amsfonts/cm/cmmi6.pfb><D:/CTEX/MiKTeX/fonts/type1/public/amsfonts/cm/cmmi7.pfb
><D:/CTEX/MiKTeX/fonts/type1/public/amsfonts/cm/cmmi9.pfb><D:/CTEX/MiKTeX/fonts
/type1/public/amsfonts/cm/cmr10.pfb><D:/CTEX/MiKTeX/fonts/type1/public/amsfonts
/cm/cmr5.pfb><D:/CTEX/MiKTeX/fonts/type1/public/amsfonts/cm/cmr6.pfb><D:/CTEX/M
iKTeX/fonts/type1/public/amsfonts/cm/cmr7.pfb><D:/CTEX/MiKTeX/fonts/type1/publi
c/amsfonts/cm/cmr9.pfb><D:/CTEX/MiKTeX/fonts/type1/public/amsfonts/cm/cmsy10.pf
b><D:/CTEX/MiKTeX/fonts/type1/public/amsfonts/cm/cmsy5.pfb><D:/CTEX/MiKTeX/font
s/type1/public/amsfonts/cm/cmsy7.pfb><D:/CTEX/MiKTeX/fonts/type1/public/amsfont
s/cm/cmsy9.pfb><D:/CTEX/MiKTeX/fonts/type1/public/amsfonts/symbols/msbm10.pfb><
D:/CTEX/MiKTeX/fonts/type1/urw/courier/ucrr8a.pfb><D:/CTEX/MiKTeX/fonts/type1/u
rw/times/utmb8a.pfb><D:/CTEX/MiKTeX/fonts/type1/urw/times/utmbi8a.pfb><D:/CTEX/
MiKTeX/fonts/type1/urw/times/utmr8a.pfb><D:/CTEX/MiKTeX/fonts/type1/urw/times/u
tmri8a.pfb>
Output written on 0223.pdf (10 pages, 338079 bytes).
PDF statistics:
 140 PDF objects out of 1000 (max. 8388607)
 0 named destinations out of 1000 (max. 500000)
 1 words of extra memory for PDF output out of 10000 (max. 10000000)

