This is pdfTeX, Version 3.1415926-2.3-1.40.12 (MiKTeX 2.9) (preloaded format=pdflatex 2023.4.10)  16 MAY 2023 17:48
entering extended mode
**F:/OneDrive/ÁªÑÂÜÖÊñáÁåÆ/2021*Wei/‰øÆÊîπ/Wei*0516/backup*textcolor{red}/0516‰
∏äÂçà/Computing_Enable_Vehicular_Networks.tex.tex

("F:/OneDrive/ÁªÑÂÜÖÊñáÁåÆ/2021 Wei/‰øÆÊîπ/Wei 0516/backup textcolor{red}/0516‰
∏äÂçà/Computing_Enable_Vehicular_Networks.tex.tex"
LaTeX2e <2011/06/27>
Babel <v3.8m> and hyphenation patterns for loaded.
(D:\CTEX\MiKTeX\tex\latex\ieeetran\IEEEtran.cls
Document Class: IEEEtran 2007/03/05 V1.7a by Michael Shell
-- See the "IEEEtran_HOWTO" manual for usage information.
-- http://www.michaelshell.org/tex/ieeetran/
\@IEEEtrantmpdimenA=\dimen102
\@IEEEtrantmpdimenB=\dimen103
\@IEEEtrantmpcountA=\count79
\@IEEEtrantmpcountB=\count80
\@IEEEtrantmptoksA=\toks14
LaTeX Font Info:    Try loading font information for OT1+ptm on input line 366.

(D:\CTEX\MiKTeX\tex\latex\psnfss\ot1ptm.fd
File: ot1ptm.fd 2001/06/04 font definitions for OT1/ptm.
)
-- Using 8.5in x 11in (letter) paper.
-- Using PDF output.
\@IEEEnormalsizeunitybaselineskip=\dimen104
-- This is a 10 point document.
\CLASSINFOnormalsizebaselineskip=\dimen105
\CLASSINFOnormalsizeunitybaselineskip=\dimen106
\IEEEnormaljot=\dimen107
LaTeX Font Info:    Font shape `OT1/ptm/bx/n' in size <5> not available
(Font)              Font shape `OT1/ptm/b/n' tried instead on input line 724.
LaTeX Font Info:    Font shape `OT1/ptm/bx/it' in size <5> not available
(Font)              Font shape `OT1/ptm/b/it' tried instead on input line 724.
LaTeX Font Info:    Font shape `OT1/ptm/bx/n' in size <7> not available
(Font)              Font shape `OT1/ptm/b/n' tried instead on input line 724.
LaTeX Font Info:    Font shape `OT1/ptm/bx/it' in size <7> not available
(Font)              Font shape `OT1/ptm/b/it' tried instead on input line 724.
LaTeX Font Info:    Font shape `OT1/ptm/bx/n' in size <8> not available
(Font)              Font shape `OT1/ptm/b/n' tried instead on input line 724.
LaTeX Font Info:    Font shape `OT1/ptm/bx/it' in size <8> not available
(Font)              Font shape `OT1/ptm/b/it' tried instead on input line 724.
LaTeX Font Info:    Font shape `OT1/ptm/bx/n' in size <9> not available
(Font)              Font shape `OT1/ptm/b/n' tried instead on input line 724.
LaTeX Font Info:    Font shape `OT1/ptm/bx/it' in size <9> not available
(Font)              Font shape `OT1/ptm/b/it' tried instead on input line 724.
LaTeX Font Info:    Font shape `OT1/ptm/bx/n' in size <10> not available
(Font)              Font shape `OT1/ptm/b/n' tried instead on input line 724.
LaTeX Font Info:    Font shape `OT1/ptm/bx/it' in size <10> not available
(Font)              Font shape `OT1/ptm/b/it' tried instead on input line 724.
LaTeX Font Info:    Font shape `OT1/ptm/bx/n' in size <11> not available
(Font)              Font shape `OT1/ptm/b/n' tried instead on input line 724.
LaTeX Font Info:    Font shape `OT1/ptm/bx/it' in size <11> not available
(Font)              Font shape `OT1/ptm/b/it' tried instead on input line 724.
LaTeX Font Info:    Font shape `OT1/ptm/bx/n' in size <12> not available
(Font)              Font shape `OT1/ptm/b/n' tried instead on input line 724.
LaTeX Font Info:    Font shape `OT1/ptm/bx/it' in size <12> not available
(Font)              Font shape `OT1/ptm/b/it' tried instead on input line 724.
LaTeX Font Info:    Font shape `OT1/ptm/bx/n' in size <17> not available
(Font)              Font shape `OT1/ptm/b/n' tried instead on input line 724.
LaTeX Font Info:    Font shape `OT1/ptm/bx/it' in size <17> not available
(Font)              Font shape `OT1/ptm/b/it' tried instead on input line 724.
LaTeX Font Info:    Font shape `OT1/ptm/bx/n' in size <20> not available
(Font)              Font shape `OT1/ptm/b/n' tried instead on input line 724.
LaTeX Font Info:    Font shape `OT1/ptm/bx/it' in size <20> not available
(Font)              Font shape `OT1/ptm/b/it' tried instead on input line 724.
LaTeX Font Info:    Font shape `OT1/ptm/bx/n' in size <24> not available
(Font)              Font shape `OT1/ptm/b/n' tried instead on input line 724.
LaTeX Font Info:    Font shape `OT1/ptm/bx/it' in size <24> not available
(Font)              Font shape `OT1/ptm/b/it' tried instead on input line 724.
\IEEEilabelindentA=\dimen108
\IEEEilabelindentB=\dimen109
\IEEEilabelindent=\dimen110
\IEEEelabelindent=\dimen111
\IEEEdlabelindent=\dimen112
\IEEElabelindent=\dimen113
\IEEEiednormlabelsep=\dimen114
\IEEEiedmathlabelsep=\dimen115
\IEEEiedtopsep=\skip41
\c@section=\count81
\c@subsection=\count82
\c@subsubsection=\count83
\c@paragraph=\count84
\c@IEEEsubequation=\count85
\abovecaptionskip=\skip42
\belowcaptionskip=\skip43
\c@figure=\count86
\c@table=\count87
\@IEEEeqnnumcols=\count88
\@IEEEeqncolcnt=\count89
\@IEEEtmpitemindent=\dimen116
\c@IEEEbiography=\count90
\@IEEEtranrubishbin=\box26
) (D:\CTEX\MiKTeX\tex\latex\graphics\graphicx.sty
Package: graphicx 1999/02/16 v1.0f Enhanced LaTeX Graphics (DPC,SPQR)

(D:\CTEX\MiKTeX\tex\latex\graphics\keyval.sty
Package: keyval 1999/03/16 v1.13 key=value parser (DPC)
\KV@toks@=\toks15
)
(D:\CTEX\MiKTeX\tex\latex\graphics\graphics.sty
Package: graphics 2009/02/05 v1.0o Standard LaTeX Graphics (DPC,SPQR)

(D:\CTEX\MiKTeX\tex\latex\graphics\trig.sty
Package: trig 1999/03/16 v1.09 sin cos tan (DPC)
)
(D:\CTEX\MiKTeX\tex\latex\00miktex\graphics.cfg
File: graphics.cfg 2007/01/18 v1.5 graphics configuration of teTeX/TeXLive
)
Package graphics Info: Driver file: pdftex.def on input line 91.

(D:\CTEX\MiKTeX\tex\latex\pdftex-def\pdftex.def
File: pdftex.def 2011/05/27 v0.06d Graphics/color for pdfTeX

(D:\CTEX\MiKTeX\tex\generic\oberdiek\infwarerr.sty
Package: infwarerr 2010/04/08 v1.3 Providing info/warning/message (HO)
)
(D:\CTEX\MiKTeX\tex\generic\oberdiek\ltxcmds.sty
Package: ltxcmds 2011/04/18 v1.20 LaTeX kernel commands for general use (HO)
)
\Gread@gobject=\count91
))
\Gin@req@height=\dimen117
\Gin@req@width=\dimen118
)
(D:\CTEX\MiKTeX\tex\latex\caption\caption.sty
Package: caption 2011/11/10 v3.2e Customizing captions (AR)

(D:\CTEX\MiKTeX\tex\latex\caption\caption3.sty
Package: caption3 2011/11/01 v1.4a caption3 kernel (AR)
\captionmargin=\dimen119
\captionmargin@=\dimen120
\captionwidth=\dimen121
\caption@indent=\dimen122
\caption@parindent=\dimen123
\caption@hangindent=\dimen124
Package caption Info: Unknown document class (or package),
(caption)             standard defaults will be used.
)

Package caption Warning: Unsupported document class (or package) detected,
(caption)                usage of the caption package is not recommended.
See the caption package documentation for explanation.

Package caption Info: \@makecaption = \long macro:#1#2->\ifx \@captype \@IEEEta
blestring \footnotesize \begin {center}{\normalfont \footnotesize #1}\\{\normal
font \footnotesize \scshape #2}\end {center}\@IEEEtablecaptionsepspace \else \@
IEEEfigurecaptionsepspace \setbox \@tempboxa \hbox {\normalfont \footnotesize {
#1.}~~ #2}\ifdim \wd \@tempboxa >\hsize \setbox \@tempboxa \hbox {\normalfont \
footnotesize {#1.}~~ }\parbox [t]{\hsize }{\normalfont \footnotesize \noindent 
\unhbox \@tempboxa #2}\else \ifCLASSOPTIONconference \hbox to\hsize {\normalfon
t \footnotesize \hfil \box \@tempboxa \hfil }\else \hbox to\hsize {\normalfont 
\footnotesize \box \@tempboxa \hfil }\fi \fi \fi .
\c@ContinuedFloat=\count92
) (D:\CTEX\MiKTeX\tex\latex\tools\verbatim.sty
Package: verbatim 2003/08/22 v1.5q LaTeX2e package for verbatim enhancements
\every@verbatim=\toks16
\verbatim@line=\toks17
\verbatim@in@stream=\read1
)
(D:\CTEX\MiKTeX\tex\latex\caption\subcaption.sty
Package: subcaption 2011/10/30 v1.1c Sub-captions (AR)
\c@subfigure=\count93
\c@subtable=\count94
)
(D:\CTEX\MiKTeX\tex\latex\cite\cite.sty
LaTeX Info: Redefining \cite on input line 302.
LaTeX Info: Redefining \nocite on input line 373.
Package: cite 2010/09/10  v 5.3
)
(D:\CTEX\MiKTeX\tex\latex\ams\math\amsmath.sty
Package: amsmath 2000/07/18 v2.13 AMS math features
\@mathmargin=\skip44

For additional information on amsmath, use the `?' option.
(D:\CTEX\MiKTeX\tex\latex\ams\math\amstext.sty
Package: amstext 2000/06/29 v2.01

(D:\CTEX\MiKTeX\tex\latex\ams\math\amsgen.sty
File: amsgen.sty 1999/11/30 v2.0
\@emptytoks=\toks18
\ex@=\dimen125
))
(D:\CTEX\MiKTeX\tex\latex\ams\math\amsbsy.sty
Package: amsbsy 1999/11/29 v1.2d
\pmbraise@=\dimen126
)
(D:\CTEX\MiKTeX\tex\latex\ams\math\amsopn.sty
Package: amsopn 1999/12/14 v2.01 operator names
)
\inf@bad=\count95
LaTeX Info: Redefining \frac on input line 211.
\uproot@=\count96
\leftroot@=\count97
LaTeX Info: Redefining \overline on input line 307.
\classnum@=\count98
\DOTSCASE@=\count99
LaTeX Info: Redefining \ldots on input line 379.
LaTeX Info: Redefining \dots on input line 382.
LaTeX Info: Redefining \cdots on input line 467.
\Mathstrutbox@=\box27
\strutbox@=\box28
\big@size=\dimen127
LaTeX Font Info:    Redeclaring font encoding OML on input line 567.
LaTeX Font Info:    Redeclaring font encoding OMS on input line 568.
\macc@depth=\count100
\c@MaxMatrixCols=\count101
\dotsspace@=\muskip10
\c@parentequation=\count102
\dspbrk@lvl=\count103
\tag@help=\toks19
\row@=\count104
\column@=\count105
\maxfields@=\count106
\andhelp@=\toks20
\eqnshift@=\dimen128
\alignsep@=\dimen129
\tagshift@=\dimen130
\tagwidth@=\dimen131
\totwidth@=\dimen132
\lineht@=\dimen133
\@envbody=\toks21
\multlinegap=\skip45
\multlinetaggap=\skip46
\mathdisplay@stack=\toks22
LaTeX Info: Redefining \[ on input line 2666.
LaTeX Info: Redefining \] on input line 2667.
)
(D:\CTEX\MiKTeX\tex\latex\ams\classes\amsthm.sty
Package: amsthm 2004/08/06 v2.20
\thm@style=\toks23
\thm@bodyfont=\toks24
\thm@headfont=\toks25
\thm@notefont=\toks26
\thm@headpunct=\toks27
\thm@preskip=\skip47
\thm@postskip=\skip48
\thm@headsep=\skip49
\dth@everypar=\toks28
)
(D:\CTEX\MiKTeX\tex\latex\amsfonts\amssymb.sty
Package: amssymb 2009/06/22 v3.00

(D:\CTEX\MiKTeX\tex\latex\amsfonts\amsfonts.sty
Package: amsfonts 2009/06/22 v3.00 Basic AMSFonts support
\symAMSa=\mathgroup4
\symAMSb=\mathgroup5
LaTeX Font Info:    Overwriting math alphabet `\mathfrak' in version `bold'
(Font)                  U/euf/m/n --> U/euf/b/n on input line 96.
))
(D:\CTEX\MiKTeX\tex\latex\tools\enumerate.sty
Package: enumerate 1999/03/05 v3.00 enumerate extensions (DPC)
\@enLab=\toks29
)
(D:\CTEX\MiKTeX\tex\latex\ltxmisc\url.sty
\Urlmuskip=\muskip11
Package: url 2006/04/12  ver 3.3  Verb mode for urls, etc.
)
(D:\CTEX\MiKTeX\tex\latex\oberdiek\epstopdf.sty
Package: epstopdf 2010/02/09 v2.5 Conversion with epstopdf on the fly (HO)

(D:\CTEX\MiKTeX\tex\latex\oberdiek\epstopdf-base.sty
Package: epstopdf-base 2010/02/09 v2.5 Base part for package epstopdf

(D:\CTEX\MiKTeX\tex\latex\oberdiek\grfext.sty
Package: grfext 2010/08/19 v1.1 Managing graphics extensions (HO)

(D:\CTEX\MiKTeX\tex\generic\oberdiek\kvdefinekeys.sty
Package: kvdefinekeys 2011/04/07 v1.3 Defining keys (HO)
))
(D:\CTEX\MiKTeX\tex\latex\oberdiek\kvoptions.sty
Package: kvoptions 2010/12/23 v3.10 Keyval support for LaTeX options (HO)

(D:\CTEX\MiKTeX\tex\generic\oberdiek\kvsetkeys.sty
Package: kvsetkeys 2011/04/07 v1.13 Key value parser (HO)

(D:\CTEX\MiKTeX\tex\generic\oberdiek\etexcmds.sty
Package: etexcmds 2011/02/16 v1.5 Prefix for e-TeX command names (HO)

(D:\CTEX\MiKTeX\tex\generic\oberdiek\ifluatex.sty
Package: ifluatex 2010/03/01 v1.3 Provides the ifluatex switch (HO)
Package ifluatex Info: LuaTeX not detected.
)
Package etexcmds Info: Could not find \expanded.
(etexcmds)             That can mean that you are not using pdfTeX 1.50 or
(etexcmds)             that some package has redefined \expanded.
(etexcmds)             In the latter case, load this package earlier.
)))
(D:\CTEX\MiKTeX\tex\generic\oberdiek\pdftexcmds.sty
Package: pdftexcmds 2011/04/22 v0.16 Utilities of pdfTeX for LuaTeX (HO)

(D:\CTEX\MiKTeX\tex\generic\oberdiek\ifpdf.sty
Package: ifpdf 2011/01/30 v2.3 Provides the ifpdf switch (HO)
Package ifpdf Info: pdfTeX in PDF mode is detected.
)
Package pdftexcmds Info: LuaTeX not detected.
Package pdftexcmds Info: \pdf@primitive is available.
Package pdftexcmds Info: \pdf@ifprimitive is available.
Package pdftexcmds Info: \pdfdraftmode found.
)
Package grfext Info: Graphics extension search list:
(grfext)             [.png,.pdf,.jpg,.mps,.jpeg,.jbig2,.jb2,.PNG,.PDF,.JPG,.JPE
G,.JBIG2,.JB2,.eps]
(grfext)             \AppendGraphicsExtensions on input line 452.
))
\c@theorem=\count107
\c@lemma=\count108
\c@definition=\count109
\c@remark=\count110
\c@example=\count111

(D:\CTEX\MiKTeX\tex\latex\extarrows\extarrows.sty
Package: extarrows 2008/05/15 v1.0b Some extensible arrows
)
(D:\CTEX\MiKTeX\tex\latex\algorithms\algorithm.sty
Package: algorithm 2009/08/24 v0.1 Document Style `algorithm' - floating enviro
nment

(D:\CTEX\MiKTeX\tex\latex\float\float.sty
Package: float 2001/11/08 v1.3d Float enhancements (AL)
\c@float@type=\count112
\float@exts=\toks30
\float@box=\box29
\@float@everytoks=\toks31
\@floatcapt=\box30
)
(D:\CTEX\MiKTeX\tex\latex\base\ifthen.sty
Package: ifthen 2001/05/26 v1.1c Standard LaTeX ifthen package (DPC)
)
\@float@every@algorithm=\toks32
\c@algorithm=\count113
)
(D:\CTEX\MiKTeX\tex\latex\algorithms\algorithmic.sty
Package: algorithmic 2009/08/24 v0.1 Document Style `algorithmic'
\c@ALC@unique=\count114
\c@ALC@line=\count115
\c@ALC@rem=\count116
\c@ALC@depth=\count117
\ALC@tlm=\skip50
\algorithmicindent=\skip51
)
(D:\CTEX\MiKTeX\tex\latex\graphics\color.sty
Package: color 2005/11/14 v1.0j Standard LaTeX Color (DPC)

(D:\CTEX\MiKTeX\tex\latex\00miktex\color.cfg
File: color.cfg 2007/01/18 v1.5 color configuration of teTeX/TeXLive
)
Package color Info: Driver file: pdftex.def on input line 130.
)
(D:\CTEX\MiKTeX\tex\latex\jknappen\mathrsfs.sty
Package: mathrsfs 1996/01/01 Math RSFS package v1.0 (jk)
\symrsfs=\mathgroup6
)
(D:\CTEX\MiKTeX\tex\latex\multirow\multirow.sty
\bigstrutjot=\dimen134
)
(D:\CTEX\MiKTeX\tex\latex\cases\cases.sty
Package: cases 2002/05/02 ver 2.5 
)
(D:\CTEX\MiKTeX\tex\latex\hyperref\hyperref.sty
Package: hyperref 2012/02/06 v6.82o Hypertext links for LaTeX

(D:\CTEX\MiKTeX\tex\generic\oberdiek\hobsub-hyperref.sty
Package: hobsub-hyperref 2011/04/23 v1.4 Bundle oberdiek, subset hyperref (HO)

(D:\CTEX\MiKTeX\tex\generic\oberdiek\hobsub-generic.sty
Package: hobsub-generic 2011/04/23 v1.4 Bundle oberdiek, subset generic (HO)
Package: hobsub 2011/04/23 v1.4 Subsetting bundle oberdiek (HO)
Package hobsub Info: Skipping package `infwarerr' (already loaded).
Package hobsub Info: Skipping package `ltxcmds' (already loaded).
Package hobsub Info: Skipping package `ifluatex' (already loaded).
Package: ifvtex 2010/03/01 v1.5 Switches for detecting VTeX and its modes (HO)
Package ifvtex Info: VTeX not detected.
Package: intcalc 2007/09/27 v1.1 Expandable integer calculations (HO)
Package hobsub Info: Skipping package `ifpdf' (already loaded).
Package hobsub Info: Skipping package `etexcmds' (already loaded).
Package hobsub Info: Skipping package `kvsetkeys' (already loaded).
Package hobsub Info: Skipping package `kvdefinekeys' (already loaded).
Package hobsub Info: Skipping package `pdftexcmds' (already loaded).
Package: pdfescape 2011/04/04 v1.12 Provides string conversions (HO)
Package: bigintcalc 2011/01/30 v1.2 Expandable big integer calculations (HO)
Package: bitset 2011/01/30 v1.1 Data type bit set (HO)
Package: uniquecounter 2011/01/30 v1.2 Provides unlimited unique counter (HO)
)
Package hobsub Info: Skipping package `hobsub' (already loaded).
Package: letltxmacro 2010/09/02 v1.4 Let assignment for LaTeX macros (HO)
Package: hopatch 2011/01/30 v1.0 Wrapper for package hooks (HO)
Package: xcolor-patch 2011/01/30 xcolor patch
Package: atveryend 2011/04/23 v1.7 Hooks at very end of document (HO)
Package: atbegshi 2011/01/30 v1.15 At begin shipout hook (HO)
Package: refcount 2010/12/01 v3.2 Data extraction from references (HO)
Package: hycolor 2011/01/30 v1.7 Color options of hyperref/bookmark (HO)
)
(D:\CTEX\MiKTeX\tex\generic\ifxetex\ifxetex.sty
Package: ifxetex 2010/09/12 v0.6 Provides ifxetex conditional
)
\@linkdim=\dimen135
\Hy@linkcounter=\count118
\Hy@pagecounter=\count119

(D:\CTEX\MiKTeX\tex\latex\hyperref\pd1enc.def
File: pd1enc.def 2012/02/06 v6.82o Hyperref: PDFDocEncoding definition (HO)
)
\Hy@SavedSpaceFactor=\count120

(D:\CTEX\MiKTeX\tex\latex\00miktex\hyperref.cfg
File: hyperref.cfg 2002/06/06 v1.2 hyperref configuration of TeXLive
)
Package hyperref Info: Hyper figures OFF on input line 4046.
Package hyperref Info: Link nesting OFF on input line 4051.
Package hyperref Info: Hyper index ON on input line 4054.
Package hyperref Info: Plain pages OFF on input line 4061.
Package hyperref Info: Backreferencing OFF on input line 4066.
Package hyperref Info: Implicit mode ON; LaTeX internals redefined.
Package hyperref Info: Bookmarks ON on input line 4284.
\c@Hy@tempcnt=\count121
LaTeX Info: Redefining \url on input line 4637.
\Fld@menulength=\count122
\Field@Width=\dimen136
\Fld@charsize=\dimen137
Package hyperref Info: Hyper figures OFF on input line 5757.
Package hyperref Info: Link nesting OFF on input line 5762.
Package hyperref Info: Hyper index ON on input line 5765.
Package hyperref Info: backreferencing OFF on input line 5772.
Package hyperref Info: Link coloring OFF on input line 5777.
Package hyperref Info: Link coloring with OCG OFF on input line 5782.
Package hyperref Info: PDF/A mode OFF on input line 5787.
LaTeX Info: Redefining \ref on input line 5827.
LaTeX Info: Redefining \pageref on input line 5831.
\Hy@abspage=\count123
\c@Item=\count124
\c@Hfootnote=\count125
)

Package hyperref Message: Driver (autodetected): hpdftex.

(D:\CTEX\MiKTeX\tex\latex\hyperref\hpdftex.def
File: hpdftex.def 2012/02/06 v6.82o Hyperref driver for pdfTeX
\Fld@listcount=\count126
\c@bookmark@seq@number=\count127

(D:\CTEX\MiKTeX\tex\latex\oberdiek\rerunfilecheck.sty
Package: rerunfilecheck 2011/04/15 v1.7 Rerun checks for auxiliary files (HO)
Package uniquecounter Info: New unique counter `rerunfilecheck' on input line 2
82.
)
\Hy@SectionHShift=\skip52
)

Package hyperref Warning: Option `hypertex' has already been used,
(hyperref)                setting the option has no effect on input line 34.

Package hyperref Info: Option `colorlinks' set `true' on input line 34.

("F:\OneDrive\ÁªÑÂÜÖÊñáÁåÆ\2021 Wei\‰øÆÊîπ\Wei 0516\backup textcolor{red}\0516‰
∏äÂçà\Computing_Enable_Vehicular_Networks.tex.aux"

LaTeX Warning: Label `eq' multiply defined.


LaTeX Warning: Label `eq' multiply defined.

)
LaTeX Font Info:    Checking defaults for OML/cmm/m/it on input line 49.
LaTeX Font Info:    ... okay on input line 49.
LaTeX Font Info:    Checking defaults for T1/cmr/m/n on input line 49.
LaTeX Font Info:    ... okay on input line 49.
LaTeX Font Info:    Checking defaults for OT1/cmr/m/n on input line 49.
LaTeX Font Info:    ... okay on input line 49.
LaTeX Font Info:    Checking defaults for OMS/cmsy/m/n on input line 49.
LaTeX Font Info:    ... okay on input line 49.
LaTeX Font Info:    Checking defaults for OMX/cmex/m/n on input line 49.
LaTeX Font Info:    ... okay on input line 49.
LaTeX Font Info:    Checking defaults for U/cmr/m/n on input line 49.
LaTeX Font Info:    ... okay on input line 49.
LaTeX Font Info:    Checking defaults for PD1/pdf/m/n on input line 49.
LaTeX Font Info:    ... okay on input line 49.
 (D:\CTEX\MiKTeX\tex\context\base\supp-pdf.mkii
[Loading MPS to PDF converter (version 2006.09.02).]
\scratchcounter=\count128
\scratchdimen=\dimen138
\scratchbox=\box31
\nofMPsegments=\count129
\nofMParguments=\count130
\everyMPshowfont=\toks33
\MPscratchCnt=\count131
\MPscratchDim=\dimen139
\MPnumerator=\count132
\makeMPintoPDFobject=\count133
\everyMPtoPDFconversion=\toks34
)
Package caption Info: Begin \AtBeginDocument code.
Package caption Info: float package is loaded.
Package caption Info: hyperref package is loaded.
Package caption Info: End \AtBeginDocument code.
\AtBeginShipoutBox=\box32
Package hyperref Info: Link coloring ON on input line 49.
 (D:\CTEX\MiKTeX\tex\latex\hyperref\nameref.sty
Package: nameref 2010/04/30 v2.40 Cross-referencing by name of section

(D:\CTEX\MiKTeX\tex\generic\oberdiek\gettitlestring.sty
Package: gettitlestring 2010/12/03 v1.4 Cleanup title references (HO)
)
\c@section@level=\count134
)
LaTeX Info: Redefining \ref on input line 49.
LaTeX Info: Redefining \pageref on input line 49.
LaTeX Info: Redefining \nameref on input line 49.

("F:\OneDrive\ÁªÑÂÜÖÊñáÁåÆ\2021 Wei\‰øÆÊîπ\Wei 0516\backup textcolor{red}\0516‰
∏äÂçà\Computing_Enable_Vehicular_Networks.tex.out")
("F:\OneDrive\ÁªÑÂÜÖÊñáÁåÆ\2021 Wei\‰øÆÊîπ\Wei 0516\backup textcolor{red}\0516‰
∏äÂçà\Computing_Enable_Vehicular_Networks.tex.out")
\@outlinefile=\write3

Underfull \hbox (badness 1939) in paragraph at lines 66--66
[][][]\OT1/ptm/m/n/8 Zhixin Li-u, Jian-shuai Wei, Ji-awei Su and Yazhou Yuan ar
e with
 []


Underfull \hbox (badness 2837) in paragraph at lines 66--66
\OT1/ptm/m/n/8 the School of Elec-tri-cal En-gi-neer-ing, Yan-shan U-ni-ver-si-
ty, Qin-huang-
 []

[1{D:/CTEX/UserData/pdftex/config/pdftex.map{Unicode.sfd}{UGBK.sfd}}


]
LaTeX Font Info:    Try loading font information for U+msa on input line 106.

(D:\CTEX\MiKTeX\tex\latex\amsfonts\umsa.fd
File: umsa.fd 2009/06/22 v3.00 AMS symbols A
)
LaTeX Font Info:    Try loading font information for U+msb on input line 106.

(D:\CTEX\MiKTeX\tex\latex\amsfonts\umsb.fd
File: umsb.fd 2009/06/22 v3.00 AMS symbols B
)
LaTeX Font Info:    Try loading font information for U+rsfs on input line 106.

(D:\CTEX\MiKTeX\tex\latex\jknappen\ursfs.fd
File: ursfs.fd 1998/03/24 rsfs font definition file (jk)
)
Missing character: There is no ° in font ptmr7t!
Missing character: There is no Ø in font ptmr7t!
 [2]
Package epstopdf Info: Source file: <figures//model2.eps>
(epstopdf)                    date: 2023-03-09 10:04:52
(epstopdf)                    size: 3815472 bytes
(epstopdf)             Output file: <figures//model2-eps-converted-to.pdf>
(epstopdf)                    date: 2023-03-09 10:05:07
(epstopdf)                    size: 186240 bytes
(epstopdf)             Command: <epstopdf --outfile=figures//model2-eps-convert
ed-to.pdf figures//model2.eps>
(epstopdf)             \includegraphics on input line 121.
Package epstopdf Info: Output file is already uptodate.

<figures//model2-eps-converted-to.pdf, id=123, 1646.15pt x 925.4575pt>
File: figures//model2-eps-converted-to.pdf Graphic file (type pdf)

<use figures//model2-eps-converted-to.pdf>
Package pdftex.def Info: figures//model2-eps-converted-to.pdf used on input lin
e 121.
(pdftex.def)             Requested size: 227.62204pt x 127.96745pt.

Overfull \hbox (8.0806pt too wide) in paragraph at lines 128--144
 [][] 
 []

Missing character: There is no ° in font ptmr7t!
Missing character: There is no Ø in font ptmr7t!
[3 <F:/OneDrive/ÁªÑÂÜÖÊñáÁåÆ/2021 Wei/‰øÆÊîπ/Wei 0516/backup textcolor{red}/051
6‰∏äÂçà/figures//model2-eps-converted-to.pdf>]
Missing character: There is no ° in font ptmr7t!
Missing character: There is no Ø in font ptmr7t!
Missing character: There is no ° in font ptmr7t!
Missing character: There is no Ø in font ptmr7t!
 [4] [5] [6]
Package hyperref Info: bookmark level for unknown algorithm defaults to 0 on in
put line 415.
Package epstopdf Info: Source file: <figures//pp.eps>
(epstopdf)                    date: 2023-05-07 14:15:16
(epstopdf)                    size: 124490 bytes
(epstopdf)             Output file: <figures//pp-eps-converted-to.pdf>
(epstopdf)                    date: 2023-05-07 14:16:27
(epstopdf)                    size: 10221 bytes
(epstopdf)             Command: <epstopdf --outfile=figures//pp-eps-converted-t
o.pdf figures//pp.eps>
(epstopdf)             \includegraphics on input line 463.
Package epstopdf Info: Output file is already uptodate.

<figures//pp-eps-converted-to.pdf, id=366, 421.575pt x 316.18124pt>
File: figures//pp-eps-converted-to.pdf Graphic file (type pdf)

<use figures//pp-eps-converted-to.pdf>
Package pdftex.def Info: figures//pp-eps-converted-to.pdf used on input line 46
3.
(pdftex.def)             Requested size: 199.16928pt x 149.37712pt.
Package epstopdf Info: Source file: <figures//ff.eps>
(epstopdf)                    date: 2023-05-07 14:16:14
(epstopdf)                    size: 61858 bytes
(epstopdf)             Output file: <figures//ff-eps-converted-to.pdf>
(epstopdf)                    date: 2023-05-07 14:16:27
(epstopdf)                    size: 9581 bytes
(epstopdf)             Command: <epstopdf --outfile=figures//ff-eps-converted-t
o.pdf figures//ff.eps>
(epstopdf)             \includegraphics on input line 470.
Package epstopdf Info: Output file is already uptodate.

<figures//ff-eps-converted-to.pdf, id=367, 421.575pt x 316.18124pt>
File: figures//ff-eps-converted-to.pdf Graphic file (type pdf)

<use figures//ff-eps-converted-to.pdf>
Package pdftex.def Info: figures//ff-eps-converted-to.pdf used on input line 47
0.
(pdftex.def)             Requested size: 199.16928pt x 149.37712pt.
Package epstopdf Info: Source file: <figures//ee.eps>
(epstopdf)                    date: 2023-05-07 13:53:55
(epstopdf)                    size: 31820 bytes
(epstopdf)             Output file: <figures//ee-eps-converted-to.pdf>
(epstopdf)                    date: 2023-05-07 13:56:36
(epstopdf)                    size: 4940 bytes
(epstopdf)             Command: <epstopdf --outfile=figures//ee-eps-converted-t
o.pdf figures//ee.eps>
(epstopdf)             \includegraphics on input line 477.
Package epstopdf Info: Output file is already uptodate.

<figures//ee-eps-converted-to.pdf, id=368, 421.575pt x 316.18124pt>
File: figures//ee-eps-converted-to.pdf Graphic file (type pdf)

<use figures//ee-eps-converted-to.pdf>
Package pdftex.def Info: figures//ee-eps-converted-to.pdf used on input line 47
7.
(pdftex.def)             Requested size: 199.16928pt x 149.37712pt.

Underfull \vbox (badness 1038) has occurred while \output is active []

 [7 <F:/OneDrive/ÁªÑÂÜÖÊñáÁåÆ/2021 Wei/‰øÆÊîπ/Wei 0516/backup textcolor{red}/05
16‰∏äÂçà/figures//pp-eps-converted-to.pdf> <F:/OneDrive/ÁªÑÂÜÖÊñáÁåÆ/2021 Wei/‰
øÆÊîπ/Wei 0516/backup textcolor{red}/0516‰∏äÂçà/figures//ff-eps-converted-to.pd
f>]
Package epstopdf Info: Source file: <figures//diffspeed1.eps>
(epstopdf)                    date: 2023-05-09 09:44:19
(epstopdf)                    size: 20279 bytes
(epstopdf)             Output file: <figures//diffspeed1-eps-converted-to.pdf>
(epstopdf)                    date: 2023-05-09 09:44:31
(epstopdf)                    size: 3751 bytes
(epstopdf)             Command: <epstopdf --outfile=figures//diffspeed1-eps-con
verted-to.pdf figures//diffspeed1.eps>
(epstopdf)             \includegraphics on input line 493.
Package epstopdf Info: Output file is already uptodate.

<figures//diffspeed1-eps-converted-to.pdf, id=410, 421.575pt x 316.18124pt>
File: figures//diffspeed1-eps-converted-to.pdf Graphic file (type pdf)

<use figures//diffspeed1-eps-converted-to.pdf>
Package pdftex.def Info: figures//diffspeed1-eps-converted-to.pdf used on input
 line 493.
(pdftex.def)             Requested size: 227.62204pt x 170.72084pt.
Package epstopdf Info: Source file: <figures//diff_e1.eps>
(epstopdf)                    date: 2023-05-09 09:43:46
(epstopdf)                    size: 22790 bytes
(epstopdf)             Output file: <figures//diff_e1-eps-converted-to.pdf>
(epstopdf)                    date: 2023-05-09 09:44:32
(epstopdf)                    size: 4427 bytes
(epstopdf)             Command: <epstopdf --outfile=figures//diff_e1-eps-conver
ted-to.pdf figures//diff_e1.eps>
(epstopdf)             \includegraphics on input line 501.
Package epstopdf Info: Output file is already uptodate.

<figures//diff_e1-eps-converted-to.pdf, id=412, 421.575pt x 316.18124pt>
File: figures//diff_e1-eps-converted-to.pdf Graphic file (type pdf)

<use figures//diff_e1-eps-converted-to.pdf>
Package pdftex.def Info: figures//diff_e1-eps-converted-to.pdf used on input li
ne 501.
(pdftex.def)             Requested size: 227.62204pt x 170.72084pt.
Missing character: There is no ° in font ptmr7t!
Missing character: There is no ∞ in font ptmr7t!
 [8 <F:/OneDrive/ÁªÑÂÜÖÊñáÁåÆ/2021 Wei/‰øÆÊîπ/Wei 0516/backup textcolor{red}/05
16‰∏äÂçà/figures//ee-eps-converted-to.pdf> <F:/OneDrive/ÁªÑÂÜÖÊñáÁåÆ/2021 Wei/‰
øÆÊîπ/Wei 0516/backup textcolor{red}/0516‰∏äÂçà/figures//diffspeed1-eps-convert
ed-to.pdf> <F:/OneDrive/ÁªÑÂÜÖÊñáÁåÆ/2021 Wei/‰øÆÊîπ/Wei 0516/backup textcolor{
red}/0516‰∏äÂçà/figures//diff_e1-eps-converted-to.pdf>]
Missing character: There is no ° in font ptmr7t!
Missing character: There is no ∞ in font ptmr7t!

Underfull \hbox (badness 10000) in paragraph at lines 510--512
[]\OT1/ptm/m/n/10 ``Without com-put-ing rate al-lo-ca-tion'' (de-not-ed as
 []

Package epstopdf Info: Source file: <figures//compare.eps>
(epstopdf)                    date: 2023-05-07 14:08:12
(epstopdf)                    size: 37568 bytes
(epstopdf)             Output file: <figures//compare-eps-converted-to.pdf>
(epstopdf)                    date: 2023-05-07 14:08:17
(epstopdf)                    size: 5665 bytes
(epstopdf)             Command: <epstopdf --outfile=figures//compare-eps-conver
ted-to.pdf figures//compare.eps>
(epstopdf)             \includegraphics on input line 516.
Package epstopdf Info: Output file is already uptodate.
<figures//compare-eps-converted-to.pdf, id=433, 421.575pt x 316.18124pt>
File: figures//compare-eps-converted-to.pdf Graphic file (type pdf)

<use figures//compare-eps-converted-to.pdf>
Package pdftex.def Info: figures//compare-eps-converted-to.pdf used on input li
ne 516.
(pdftex.def)             Requested size: 227.62204pt x 170.72084pt.
Package epstopdf Info: Source file: <figures//diff_dup.eps>
(epstopdf)                    date: 2023-05-09 09:41:18
(epstopdf)                    size: 29469 bytes
(epstopdf)             Output file: <figures//diff_dup-eps-converted-to.pdf>
(epstopdf)                    date: 2023-05-09 09:44:32
(epstopdf)                    size: 7699 bytes
(epstopdf)             Command: <epstopdf --outfile=figures//diff_dup-eps-conve
rted-to.pdf figures//diff_dup.eps>
(epstopdf)             \includegraphics on input line 524.
Package epstopdf Info: Output file is already uptodate.

<figures//diff_dup-eps-converted-to.pdf, id=434, 421.575pt x 316.18124pt>
File: figures//diff_dup-eps-converted-to.pdf Graphic file (type pdf)

<use figures//diff_dup-eps-converted-to.pdf>
Package pdftex.def Info: figures//diff_dup-eps-converted-to.pdf used on input l
ine 524.
(pdftex.def)             Requested size: 227.62204pt x 170.72084pt.
Package epstopdf Info: Source file: <figures//diff_total.eps>
(epstopdf)                    date: 2023-05-09 09:40:31
(epstopdf)                    size: 38045 bytes
(epstopdf)             Output file: <figures//diff_total-eps-converted-to.pdf>
(epstopdf)                    date: 2023-05-09 09:44:33
(epstopdf)                    size: 13027 bytes
(epstopdf)             Command: <epstopdf --outfile=figures//diff_total-eps-con
verted-to.pdf figures//diff_total.eps>
(epstopdf)             \includegraphics on input line 530.
Package epstopdf Info: Output file is already uptodate.

<figures//diff_total-eps-converted-to.pdf, id=435, 421.575pt x 316.18124pt>
File: figures//diff_total-eps-converted-to.pdf Graphic file (type pdf)

<use figures//diff_total-eps-converted-to.pdf>
Package pdftex.def Info: figures//diff_total-eps-converted-to.pdf used on input
 line 530.
(pdftex.def)             Requested size: 227.62204pt x 170.72084pt.

Underfull \vbox (badness 10000) has occurred while \output is active []

Package epstopdf Info: Source file: <figures//diff_c.eps>
(epstopdf)                    date: 2023-05-09 09:42:03
(epstopdf)                    size: 33620 bytes
(epstopdf)             Output file: <figures//diff_c-eps-converted-to.pdf>
(epstopdf)                    date: 2023-05-09 09:44:34
(epstopdf)                    size: 10063 bytes
(epstopdf)             Command: <epstopdf --outfile=figures//diff_c-eps-convert
ed-to.pdf figures//diff_c.eps>
(epstopdf)             \includegraphics on input line 536.
Package epstopdf Info: Output file is already uptodate.

<figures//diff_c-eps-converted-to.pdf, id=436, 421.575pt x 316.18124pt>
File: figures//diff_c-eps-converted-to.pdf Graphic file (type pdf)

<use figures//diff_c-eps-converted-to.pdf>
Package pdftex.def Info: figures//diff_c-eps-converted-to.pdf used on input lin
e 536.
(pdftex.def)             Requested size: 227.62204pt x 170.72084pt.
 [9 <F:/OneDrive/ÁªÑÂÜÖÊñáÁåÆ/2021 Wei/‰øÆÊîπ/Wei 0516/backup textcolor{red}/05
16‰∏äÂçà/figures//compare-eps-converted-to.pdf> <F:/OneDrive/ÁªÑÂÜÖÊñáÁåÆ/2021 
Wei/‰øÆÊîπ/Wei 0516/backup textcolor{red}/0516‰∏äÂçà/figures//diff_dup-eps-conv
erted-to.pdf> <F:/OneDrive/ÁªÑÂÜÖÊñáÁåÆ/2021 Wei/‰øÆÊîπ/Wei 0516/backup textcol
or{red}/0516‰∏äÂçà/figures//diff_total-eps-converted-to.pdf> <F:/OneDrive/ÁªÑÂÜ
ÖÊñáÁåÆ/2021 Wei/‰øÆÊîπ/Wei 0516/backup textcolor{red}/0516‰∏äÂçà/figures//diff
_c-eps-converted-to.pdf>]
("F:\OneDrive\ÁªÑÂÜÖÊñáÁåÆ\2021 Wei\‰øÆÊîπ\Wei 0516\backup textcolor{red}\0516‰
∏äÂçà\Computing_Enable_Vehicular_Networks.tex.bbl")
Package atveryend Info: Empty hook `BeforeClearDocument' on input line 554.
 [10]
Package atveryend Info: Empty hook `AfterLastShipout' on input line 554.

("F:\OneDrive\ÁªÑÂÜÖÊñáÁåÆ\2021 Wei\‰øÆÊîπ\Wei 0516\backup textcolor{red}\0516‰
∏äÂçà\Computing_Enable_Vehicular_Networks.tex.aux")
Package atveryend Info: Executing hook `AtVeryEndDocument' on input line 554.
Package atveryend Info: Executing hook `AtEndAfterFileList' on input line 554.
Package rerunfilecheck Info: File `Computing_Enable_Vehicular_Networks.tex.out'
 has not changed.
(rerunfilecheck)             Checksum: 186A80967C45AB135215E47FE9B043D5;1030.


LaTeX Warning: There were multiply-defined labels.

 )
(\end occurred inside a group at level 1)

### simple group (level 1) entered at line 103 ({)
### bottom level 
Here is how much of TeX's memory you used:
 8427 strings out of 495354
 127711 string characters out of 3183859
 246808 words of memory out of 3000000
 11313 multiletter control sequences out of 15000+200000
 46221 words of font info for 98 fonts, out of 3000000 for 9000
 17 hyphenation exceptions out of 8191
 42i,16n,38p,2546b,615s stack positions out of 5000i,500n,10000p,200000b,50000s
{D:/CTEX/MiKTeX/fonts/enc/dvips/fontname/8r.enc}<D:/CTEX/MiKTeX
/fonts/type1/public/amsfonts/cm/cmbx10.pfb><D:/CTEX/MiKTeX/fonts/type1/public/a
msfonts/cm/cmbx7.pfb><D:/CTEX/MiKTeX/fonts/type1/public/amsfonts/cm/cmbx9.pfb><
D:/CTEX/MiKTeX/fonts/type1/public/amsfonts/cm/cmex10.pfb><D:/CTEX/MiKTeX/fonts/
type1/public/amsfonts/cmextra/cmex7.pfb><D:/CTEX/MiKTeX/fonts/type1/public/amsf
onts/cmextra/cmex9.pfb><D:/CTEX/MiKTeX/fonts/type1/public/amsfonts/cm/cmmi10.pf
b><D:/CTEX/MiKTeX/fonts/type1/public/amsfonts/cm/cmmi5.pfb><D:/CTEX/MiKTeX/font
s/type1/public/amsfonts/cm/cmmi6.pfb><D:/CTEX/MiKTeX/fonts/type1/public/amsfont
s/cm/cmmi7.pfb><D:/CTEX/MiKTeX/fonts/type1/public/amsfonts/cm/cmmi9.pfb><D:/CTE
X/MiKTeX/fonts/type1/public/amsfonts/cm/cmr10.pfb><D:/CTEX/MiKTeX/fonts/type1/p
ublic/amsfonts/cm/cmr5.pfb><D:/CTEX/MiKTeX/fonts/type1/public/amsfonts/cm/cmr6.
pfb><D:/CTEX/MiKTeX/fonts/type1/public/amsfonts/cm/cmr7.pfb><D:/CTEX/MiKTeX/fon
ts/type1/public/amsfonts/cm/cmr9.pfb><D:/CTEX/MiKTeX/fonts/type1/public/amsfont
s/cm/cmsy10.pfb><D:/CTEX/MiKTeX/fonts/type1/public/amsfonts/cm/cmsy5.pfb><D:/CT
EX/MiKTeX/fonts/type1/public/amsfonts/cm/cmsy7.pfb><D:/CTEX/MiKTeX/fonts/type1/
public/amsfonts/cm/cmsy9.pfb><D:/CTEX/MiKTeX/fonts/type1/public/amsfonts/symbol
s/msbm10.pfb><D:/CTEX/MiKTeX/fonts/type1/urw/times/utmb8a.pfb><D:/CTEX/MiKTeX/f
onts/type1/urw/times/utmbi8a.pfb><D:/CTEX/MiKTeX/fonts/type1/urw/times/utmr8a.p
fb><D:/CTEX/MiKTeX/fonts/type1/urw/times/utmri8a.pfb>
Output written on Computing_Enable_Vehicular_Networks.tex.pdf (10 pages, 613451
 bytes).
PDF statistics:
 571 PDF objects out of 1000 (max. 8388607)
 122 named destinations out of 1000 (max. 500000)
 171 words of extra memory for PDF output out of 10000 (max. 10000000)

