\BOOKMARK [0][-]{chapter*.1}{摘 要}{}% 1
\BOOKMARK [0][-]{chapter*.1}{ABSTRACT}{}% 2
\BOOKMARK [0][-]{chapter.1}{第 1章  绪论}{}% 3
\BOOKMARK [1][-]{section.1.1}{1.1 高楼大厦始于一砖一瓦}{chapter.1}% 4
\BOOKMARK [1][-]{section.1.2}{1.2 一个完整的章节实例}{chapter.1}% 5
\BOOKMARK [1][-]{section.1.3}{1.3 章节条款标题}{chapter.1}% 6
\BOOKMARK [2][-]{subsection.1.3.1}{1.3.1 条标题}{section.1.3}% 7
\BOOKMARK [1][-]{section.1.4}{1.4 解决pdf文件复制出现乱码问题}{chapter.1}% 8
\BOOKMARK [0][-]{chapter.2}{第 2章  插图}{}% 9
\BOOKMARK [1][-]{section.2.1}{2.1 单个居中图形}{chapter.2}% 10
\BOOKMARK [1][-]{section.2.2}{2.2 两个并排图形}{chapter.2}% 11
\BOOKMARK [1][-]{section.2.3}{2.3 两个以上的并排或者堆叠的图形}{chapter.2}% 12
\BOOKMARK [1][-]{section.2.4}{2.4 图题}{chapter.2}% 13
\BOOKMARK [1][-]{section.2.5}{2.5 图形的引用}{chapter.2}% 14
\BOOKMARK [1][-]{section.2.6}{2.6 本章小结}{chapter.2}% 15
\BOOKMARK [0][-]{chapter.3}{第 3章  表格}{}% 16
\BOOKMARK [1][-]{section.3.1}{3.1 普通三线表}{chapter.3}% 17
\BOOKMARK [1][-]{section.3.2}{3.2 有合并列的三线表}{chapter.3}% 18
\BOOKMARK [1][-]{section.3.3}{3.3 特殊形式的表格}{chapter.3}% 19
\BOOKMARK [1][-]{section.3.4}{3.4 表题的生成}{chapter.3}% 20
\BOOKMARK [1][-]{section.3.5}{3.5 表格的引用}{chapter.3}% 21
\BOOKMARK [1][-]{section.3.6}{3.6 本章小结}{chapter.3}% 22
\BOOKMARK [0][-]{chapter.4}{第 4章  公式}{}% 23
\BOOKMARK [1][-]{section.4.1}{4.1 上下标}{chapter.4}% 24
\BOOKMARK [1][-]{section.4.2}{4.2 分式}{chapter.4}% 25
\BOOKMARK [1][-]{section.4.3}{4.3 矢量点乘与叉乘}{chapter.4}% 26
\BOOKMARK [1][-]{section.4.4}{4.4 求和与积分}{chapter.4}% 27
\BOOKMARK [1][-]{section.4.5}{4.5 矩阵与数组}{chapter.4}% 28
\BOOKMARK [1][-]{section.4.6}{4.6 多行公式与对齐方法}{chapter.4}% 29
\BOOKMARK [1][-]{section.4.7}{4.7 带有大括号的方程组}{chapter.4}% 30
\BOOKMARK [1][-]{section.4.8}{4.8 特殊的公式}{chapter.4}% 31
\BOOKMARK [1][-]{section.4.9}{4.9 数学环境的使用}{chapter.4}% 32
\BOOKMARK [2][-]{subsection.4.9.1}{4.9.1 定义}{section.4.9}% 33
\BOOKMARK [2][-]{subsection.4.9.2}{4.9.2 定理及证明}{section.4.9}% 34
\BOOKMARK [2][-]{subsection.4.9.3}{4.9.3 推论}{section.4.9}% 35
\BOOKMARK [2][-]{subsection.4.9.4}{4.9.4 引理}{section.4.9}% 36
\BOOKMARK [2][-]{subsection.4.9.5}{4.9.5 例子}{section.4.9}% 37
\BOOKMARK [1][-]{section.4.10}{4.10 本章小结}{chapter.4}% 38
\BOOKMARK [0][-]{chapter.5}{第 5章  参考文献}{}% 39
\BOOKMARK [1][-]{section.5.1}{5.1 参考文献在正文和列表中格式要求}{chapter.5}% 40
\BOOKMARK [2][-]{subsection.5.1.1}{5.1.1 在正文中的要求}{section.5.1}% 41
\BOOKMARK [2][-]{subsection.5.1.2}{5.1.2 在列表中的要求}{section.5.1}% 42
\BOOKMARK [1][-]{section.5.2}{5.2 单一参考文献}{chapter.5}% 43
\BOOKMARK [1][-]{section.5.3}{5.3 多个连续参考文献}{chapter.5}% 44
\BOOKMARK [1][-]{section.5.4}{5.4 多个不连续参考文献}{chapter.5}% 45
\BOOKMARK [1][-]{section.5.5}{5.5 本章小结}{chapter.5}% 46
\BOOKMARK [0][-]{chapter.6}{第 6章  数字物理量与单位}{}% 47
\BOOKMARK [1][-]{section.6.1}{6.1 数字}{chapter.6}% 48
\BOOKMARK [1][-]{section.6.2}{6.2 单位}{chapter.6}% 49
\BOOKMARK [1][-]{section.6.3}{6.3 同时输入数字与单位}{chapter.6}% 50
\BOOKMARK [1][-]{section.6.4}{6.4 附1：国际标准单位与导出单位输入方式}{chapter.6}% 51
\BOOKMARK [1][-]{section.6.5}{6.5 本章小结}{chapter.6}% 52
\BOOKMARK [0][-]{chapter*.15}{结 论}{}% 53
\BOOKMARK [0][-]{appendix.A}{附录 A  程序代码的输入}{}% 54
\BOOKMARK [1][-]{section.A.1}{A.1 插入程序代码}{appendix.A}% 55
\BOOKMARK [1][-]{section.A.2}{A.2\040FORTRAN}{appendix.A}% 56
\BOOKMARK [1][-]{section.A.3}{A.3\040MATLAB}{appendix.A}% 57
\BOOKMARK [1][-]{section.A.4}{A.4\040C++}{appendix.A}% 58
\BOOKMARK [0][-]{appendix*.16}{参考文献}{}% 59
\BOOKMARK [0][-]{appendix*.17}{攻读硕士学位期间承担的科研任务与主要成果}{}% 60
\BOOKMARK [0][-]{appendix*.18}{致 谢}{}% 61
