This is pdfTeX, Version 3.1415926-2.3-1.40.12 (MiKTeX 2.9) (preloaded format=pdflatex 2024.5.7)  27 MAY 2024 09:30
entering extended mode
**C:/Users/we/OneDrive/ÁªÑÂÜÖÊñáÁåÆ/Ê¨°‰∏ñ‰ª£ÁΩëÁªúÊû∂ÊûÑ‰∏éÁü©ÈòµÈù©ÂëΩ/Á¨¨‰∫å
ÁØáÂ∞èËÆ∫Êñá/chapter/Energy_Efficient_for_UAV_Assisted_Vehicular.tex

(C:/Users/we/OneDrive/ÁªÑÂÜÖÊñáÁåÆ/Ê¨°‰∏ñ‰ª£ÁΩëÁªúÊû∂ÊûÑ‰∏éÁü©ÈòµÈù©ÂëΩ/Á¨¨‰∫åÁ
ØáÂ∞èËÆ∫Êñá/chapter/Energy_Efficient_for_UAV_Assisted_Vehicular.tex
LaTeX2e <2011/06/27>
Babel <v3.8m> and hyphenation patterns for loaded.
(D:\CTEX\MiKTeX\tex\latex\ieeetran\IEEEtran.cls
Document Class: IEEEtran 2007/03/05 V1.7a by Michael Shell
-- See the "IEEEtran_HOWTO" manual for usage information.
-- http://www.michaelshell.org/tex/ieeetran/
\@IEEEtrantmpdimenA=\dimen102
\@IEEEtrantmpdimenB=\dimen103
\@IEEEtrantmpcountA=\count79
\@IEEEtrantmpcountB=\count80
\@IEEEtrantmptoksA=\toks14
LaTeX Font Info:    Try loading font information for OT1+ptm on input line 366.

(D:\CTEX\MiKTeX\tex\latex\psnfss\ot1ptm.fd
File: ot1ptm.fd 2001/06/04 font definitions for OT1/ptm.
)
-- Using 8.5in x 11in (letter) paper.
-- Using PDF output.
\@IEEEnormalsizeunitybaselineskip=\dimen104
-- This is a 10 point document.
\CLASSINFOnormalsizebaselineskip=\dimen105
\CLASSINFOnormalsizeunitybaselineskip=\dimen106
\IEEEnormaljot=\dimen107
LaTeX Font Info:    Font shape `OT1/ptm/bx/n' in size <5> not available
(Font)              Font shape `OT1/ptm/b/n' tried instead on input line 724.
LaTeX Font Info:    Font shape `OT1/ptm/bx/it' in size <5> not available
(Font)              Font shape `OT1/ptm/b/it' tried instead on input line 724.
LaTeX Font Info:    Font shape `OT1/ptm/bx/n' in size <7> not available
(Font)              Font shape `OT1/ptm/b/n' tried instead on input line 724.
LaTeX Font Info:    Font shape `OT1/ptm/bx/it' in size <7> not available
(Font)              Font shape `OT1/ptm/b/it' tried instead on input line 724.
LaTeX Font Info:    Font shape `OT1/ptm/bx/n' in size <8> not available
(Font)              Font shape `OT1/ptm/b/n' tried instead on input line 724.
LaTeX Font Info:    Font shape `OT1/ptm/bx/it' in size <8> not available
(Font)              Font shape `OT1/ptm/b/it' tried instead on input line 724.
LaTeX Font Info:    Font shape `OT1/ptm/bx/n' in size <9> not available
(Font)              Font shape `OT1/ptm/b/n' tried instead on input line 724.
LaTeX Font Info:    Font shape `OT1/ptm/bx/it' in size <9> not available
(Font)              Font shape `OT1/ptm/b/it' tried instead on input line 724.
LaTeX Font Info:    Font shape `OT1/ptm/bx/n' in size <10> not available
(Font)              Font shape `OT1/ptm/b/n' tried instead on input line 724.
LaTeX Font Info:    Font shape `OT1/ptm/bx/it' in size <10> not available
(Font)              Font shape `OT1/ptm/b/it' tried instead on input line 724.
LaTeX Font Info:    Font shape `OT1/ptm/bx/n' in size <11> not available
(Font)              Font shape `OT1/ptm/b/n' tried instead on input line 724.
LaTeX Font Info:    Font shape `OT1/ptm/bx/it' in size <11> not available
(Font)              Font shape `OT1/ptm/b/it' tried instead on input line 724.
LaTeX Font Info:    Font shape `OT1/ptm/bx/n' in size <12> not available
(Font)              Font shape `OT1/ptm/b/n' tried instead on input line 724.
LaTeX Font Info:    Font shape `OT1/ptm/bx/it' in size <12> not available
(Font)              Font shape `OT1/ptm/b/it' tried instead on input line 724.
LaTeX Font Info:    Font shape `OT1/ptm/bx/n' in size <17> not available
(Font)              Font shape `OT1/ptm/b/n' tried instead on input line 724.
LaTeX Font Info:    Font shape `OT1/ptm/bx/it' in size <17> not available
(Font)              Font shape `OT1/ptm/b/it' tried instead on input line 724.
LaTeX Font Info:    Font shape `OT1/ptm/bx/n' in size <20> not available
(Font)              Font shape `OT1/ptm/b/n' tried instead on input line 724.
LaTeX Font Info:    Font shape `OT1/ptm/bx/it' in size <20> not available
(Font)              Font shape `OT1/ptm/b/it' tried instead on input line 724.
LaTeX Font Info:    Font shape `OT1/ptm/bx/n' in size <24> not available
(Font)              Font shape `OT1/ptm/b/n' tried instead on input line 724.
LaTeX Font Info:    Font shape `OT1/ptm/bx/it' in size <24> not available
(Font)              Font shape `OT1/ptm/b/it' tried instead on input line 724.
\IEEEilabelindentA=\dimen108
\IEEEilabelindentB=\dimen109
\IEEEilabelindent=\dimen110
\IEEEelabelindent=\dimen111
\IEEEdlabelindent=\dimen112
\IEEElabelindent=\dimen113
\IEEEiednormlabelsep=\dimen114
\IEEEiedmathlabelsep=\dimen115
\IEEEiedtopsep=\skip41
\c@section=\count81
\c@subsection=\count82
\c@subsubsection=\count83
\c@paragraph=\count84
\c@IEEEsubequation=\count85
\abovecaptionskip=\skip42
\belowcaptionskip=\skip43
\c@figure=\count86
\c@table=\count87
\@IEEEeqnnumcols=\count88
\@IEEEeqncolcnt=\count89
\@IEEEtmpitemindent=\dimen116
\c@IEEEbiography=\count90
\@IEEEtranrubishbin=\box26
) (D:\CTEX\MiKTeX\tex\latex\graphics\graphicx.sty
Package: graphicx 1999/02/16 v1.0f Enhanced LaTeX Graphics (DPC,SPQR)

(D:\CTEX\MiKTeX\tex\latex\graphics\keyval.sty
Package: keyval 1999/03/16 v1.13 key=value parser (DPC)
\KV@toks@=\toks15
)
(D:\CTEX\MiKTeX\tex\latex\graphics\graphics.sty
Package: graphics 2009/02/05 v1.0o Standard LaTeX Graphics (DPC,SPQR)

(D:\CTEX\MiKTeX\tex\latex\graphics\trig.sty
Package: trig 1999/03/16 v1.09 sin cos tan (DPC)
)
(D:\CTEX\MiKTeX\tex\latex\00miktex\graphics.cfg
File: graphics.cfg 2007/01/18 v1.5 graphics configuration of teTeX/TeXLive
)
Package graphics Info: Driver file: pdftex.def on input line 91.

(D:\CTEX\MiKTeX\tex\latex\pdftex-def\pdftex.def
File: pdftex.def 2011/05/27 v0.06d Graphics/color for pdfTeX

(D:\CTEX\MiKTeX\tex\generic\oberdiek\infwarerr.sty
Package: infwarerr 2010/04/08 v1.3 Providing info/warning/message (HO)
)
(D:\CTEX\MiKTeX\tex\generic\oberdiek\ltxcmds.sty
Package: ltxcmds 2011/04/18 v1.20 LaTeX kernel commands for general use (HO)
)
\Gread@gobject=\count91
))
\Gin@req@height=\dimen117
\Gin@req@width=\dimen118
)
(D:\CTEX\MiKTeX\tex\latex\tools\verbatim.sty
Package: verbatim 2003/08/22 v1.5q LaTeX2e package for verbatim enhancements
\every@verbatim=\toks16
\verbatim@line=\toks17
\verbatim@in@stream=\read1
)
(D:\CTEX\MiKTeX\tex\latex\caption\subcaption.sty
Package: subcaption 2011/10/30 v1.1c Sub-captions (AR)

(D:\CTEX\MiKTeX\tex\latex\caption\caption.sty
Package: caption 2011/11/10 v3.2e Customizing captions (AR)

(D:\CTEX\MiKTeX\tex\latex\caption\caption3.sty
Package: caption3 2011/11/01 v1.4a caption3 kernel (AR)
\captionmargin=\dimen119
\captionmargin@=\dimen120
\captionwidth=\dimen121
\caption@indent=\dimen122
\caption@parindent=\dimen123
\caption@hangindent=\dimen124
Package caption Info: Unknown document class (or package),
(caption)             standard defaults will be used.
)

Package caption Warning: Unsupported document class (or package) detected,
(caption)                usage of the caption package is not recommended.
See the caption package documentation for explanation.

Package caption Info: \@makecaption = \long macro:#1#2->\ifx \@captype \@IEEEta
blestring \footnotesize \begin {center}{\normalfont \footnotesize #1}\\{\normal
font \footnotesize \scshape #2}\end {center}\@IEEEtablecaptionsepspace \else \@
IEEEfigurecaptionsepspace \setbox \@tempboxa \hbox {\normalfont \footnotesize {
#1.}~~ #2}\ifdim \wd \@tempboxa >\hsize \setbox \@tempboxa \hbox {\normalfont \
footnotesize {#1.}~~ }\parbox [t]{\hsize }{\normalfont \footnotesize \noindent 
\unhbox \@tempboxa #2}\else \ifCLASSOPTIONconference \hbox to\hsize {\normalfon
t \footnotesize \hfil \box \@tempboxa \hfil }\else \hbox to\hsize {\normalfont 
\footnotesize \box \@tempboxa \hfil }\fi \fi \fi .
\c@ContinuedFloat=\count92
)
\c@subfigure=\count93
\c@subtable=\count94
) (D:\CTEX\MiKTeX\tex\latex\cite\cite.sty
LaTeX Info: Redefining \cite on input line 302.
LaTeX Info: Redefining \nocite on input line 373.
Package: cite 2010/09/10  v 5.3
)
(D:\CTEX\MiKTeX\tex\latex\ams\math\amsmath.sty
Package: amsmath 2000/07/18 v2.13 AMS math features
\@mathmargin=\skip44

For additional information on amsmath, use the `?' option.
(D:\CTEX\MiKTeX\tex\latex\ams\math\amstext.sty
Package: amstext 2000/06/29 v2.01

(D:\CTEX\MiKTeX\tex\latex\ams\math\amsgen.sty
File: amsgen.sty 1999/11/30 v2.0
\@emptytoks=\toks18
\ex@=\dimen125
))
(D:\CTEX\MiKTeX\tex\latex\ams\math\amsbsy.sty
Package: amsbsy 1999/11/29 v1.2d
\pmbraise@=\dimen126
)
(D:\CTEX\MiKTeX\tex\latex\ams\math\amsopn.sty
Package: amsopn 1999/12/14 v2.01 operator names
)
\inf@bad=\count95
LaTeX Info: Redefining \frac on input line 211.
\uproot@=\count96
\leftroot@=\count97
LaTeX Info: Redefining \overline on input line 307.
\classnum@=\count98
\DOTSCASE@=\count99
LaTeX Info: Redefining \ldots on input line 379.
LaTeX Info: Redefining \dots on input line 382.
LaTeX Info: Redefining \cdots on input line 467.
\Mathstrutbox@=\box27
\strutbox@=\box28
\big@size=\dimen127
LaTeX Font Info:    Redeclaring font encoding OML on input line 567.
LaTeX Font Info:    Redeclaring font encoding OMS on input line 568.
\macc@depth=\count100
\c@MaxMatrixCols=\count101
\dotsspace@=\muskip10
\c@parentequation=\count102
\dspbrk@lvl=\count103
\tag@help=\toks19
\row@=\count104
\column@=\count105
\maxfields@=\count106
\andhelp@=\toks20
\eqnshift@=\dimen128
\alignsep@=\dimen129
\tagshift@=\dimen130
\tagwidth@=\dimen131
\totwidth@=\dimen132
\lineht@=\dimen133
\@envbody=\toks21
\multlinegap=\skip45
\multlinetaggap=\skip46
\mathdisplay@stack=\toks22
LaTeX Info: Redefining \[ on input line 2666.
LaTeX Info: Redefining \] on input line 2667.
)
(D:\CTEX\MiKTeX\tex\latex\ams\classes\amsthm.sty
Package: amsthm 2004/08/06 v2.20
\thm@style=\toks23
\thm@bodyfont=\toks24
\thm@headfont=\toks25
\thm@notefont=\toks26
\thm@headpunct=\toks27
\thm@preskip=\skip47
\thm@postskip=\skip48
\thm@headsep=\skip49
\dth@everypar=\toks28
)
(D:\CTEX\MiKTeX\tex\latex\amsfonts\amssymb.sty
Package: amssymb 2009/06/22 v3.00

(D:\CTEX\MiKTeX\tex\latex\amsfonts\amsfonts.sty
Package: amsfonts 2009/06/22 v3.00 Basic AMSFonts support
\symAMSa=\mathgroup4
\symAMSb=\mathgroup5
LaTeX Font Info:    Overwriting math alphabet `\mathfrak' in version `bold'
(Font)                  U/euf/m/n --> U/euf/b/n on input line 96.
))
(D:\CTEX\MiKTeX\tex\latex\tools\enumerate.sty
Package: enumerate 1999/03/05 v3.00 enumerate extensions (DPC)
\@enLab=\toks29
)
(D:\CTEX\MiKTeX\tex\latex\ltxmisc\url.sty
\Urlmuskip=\muskip11
Package: url 2006/04/12  ver 3.3  Verb mode for urls, etc.
)
(D:\CTEX\MiKTeX\tex\latex\oberdiek\epstopdf.sty
Package: epstopdf 2010/02/09 v2.5 Conversion with epstopdf on the fly (HO)

(D:\CTEX\MiKTeX\tex\latex\oberdiek\epstopdf-base.sty
Package: epstopdf-base 2010/02/09 v2.5 Base part for package epstopdf

(D:\CTEX\MiKTeX\tex\latex\oberdiek\grfext.sty
Package: grfext 2010/08/19 v1.1 Managing graphics extensions (HO)

(D:\CTEX\MiKTeX\tex\generic\oberdiek\kvdefinekeys.sty
Package: kvdefinekeys 2011/04/07 v1.3 Defining keys (HO)
))
(D:\CTEX\MiKTeX\tex\latex\oberdiek\kvoptions.sty
Package: kvoptions 2010/12/23 v3.10 Keyval support for LaTeX options (HO)

(D:\CTEX\MiKTeX\tex\generic\oberdiek\kvsetkeys.sty
Package: kvsetkeys 2011/04/07 v1.13 Key value parser (HO)

(D:\CTEX\MiKTeX\tex\generic\oberdiek\etexcmds.sty
Package: etexcmds 2011/02/16 v1.5 Prefix for e-TeX command names (HO)

(D:\CTEX\MiKTeX\tex\generic\oberdiek\ifluatex.sty
Package: ifluatex 2010/03/01 v1.3 Provides the ifluatex switch (HO)
Package ifluatex Info: LuaTeX not detected.
)
Package etexcmds Info: Could not find \expanded.
(etexcmds)             That can mean that you are not using pdfTeX 1.50 or
(etexcmds)             that some package has redefined \expanded.
(etexcmds)             In the latter case, load this package earlier.
)))
(D:\CTEX\MiKTeX\tex\generic\oberdiek\pdftexcmds.sty
Package: pdftexcmds 2011/04/22 v0.16 Utilities of pdfTeX for LuaTeX (HO)

(D:\CTEX\MiKTeX\tex\generic\oberdiek\ifpdf.sty
Package: ifpdf 2011/01/30 v2.3 Provides the ifpdf switch (HO)
Package ifpdf Info: pdfTeX in PDF mode is detected.
)
Package pdftexcmds Info: LuaTeX not detected.
Package pdftexcmds Info: \pdf@primitive is available.
Package pdftexcmds Info: \pdf@ifprimitive is available.
Package pdftexcmds Info: \pdfdraftmode found.
)
Package grfext Info: Graphics extension search list:
(grfext)             [.png,.pdf,.jpg,.mps,.jpeg,.jbig2,.jb2,.PNG,.PDF,.JPG,.JPE
G,.JBIG2,.JB2,.eps]
(grfext)             \AppendGraphicsExtensions on input line 452.
))
\c@theorem=\count107
\c@lemma=\count108
\c@definition=\count109
\c@remark=\count110
\c@example=\count111

(D:\CTEX\MiKTeX\tex\latex\extarrows\extarrows.sty
Package: extarrows 2008/05/15 v1.0b Some extensible arrows
)
(D:\CTEX\MiKTeX\tex\latex\algorithms\algorithm.sty
Package: algorithm 2009/08/24 v0.1 Document Style `algorithm' - floating enviro
nment

(D:\CTEX\MiKTeX\tex\latex\float\float.sty
Package: float 2001/11/08 v1.3d Float enhancements (AL)
\c@float@type=\count112
\float@exts=\toks30
\float@box=\box29
\@float@everytoks=\toks31
\@floatcapt=\box30
)
(D:\CTEX\MiKTeX\tex\latex\base\ifthen.sty
Package: ifthen 2001/05/26 v1.1c Standard LaTeX ifthen package (DPC)
)
\@float@every@algorithm=\toks32
\c@algorithm=\count113
)
(D:\CTEX\MiKTeX\tex\latex\algorithms\algorithmic.sty
Package: algorithmic 2009/08/24 v0.1 Document Style `algorithmic'
\c@ALC@unique=\count114
\c@ALC@line=\count115
\c@ALC@rem=\count116
\c@ALC@depth=\count117
\ALC@tlm=\skip50
\algorithmicindent=\skip51
)
(D:\CTEX\MiKTeX\tex\latex\graphics\color.sty
Package: color 2005/11/14 v1.0j Standard LaTeX Color (DPC)

(D:\CTEX\MiKTeX\tex\latex\00miktex\color.cfg
File: color.cfg 2007/01/18 v1.5 color configuration of teTeX/TeXLive
)
Package color Info: Driver file: pdftex.def on input line 130.
)
(D:\CTEX\MiKTeX\tex\latex\jknappen\mathrsfs.sty
Package: mathrsfs 1996/01/01 Math RSFS package v1.0 (jk)
\symrsfs=\mathgroup6
)
(D:\CTEX\MiKTeX\tex\latex\multirow\multirow.sty
\bigstrutjot=\dimen134
)
(D:\CTEX\MiKTeX\tex\latex\cases\cases.sty
Package: cases 2002/05/02 ver 2.5 
)
(D:\CTEX\MiKTeX\tex\latex\hyperref\hyperref.sty
Package: hyperref 2012/02/06 v6.82o Hypertext links for LaTeX

(D:\CTEX\MiKTeX\tex\generic\oberdiek\hobsub-hyperref.sty
Package: hobsub-hyperref 2011/04/23 v1.4 Bundle oberdiek, subset hyperref (HO)

(D:\CTEX\MiKTeX\tex\generic\oberdiek\hobsub-generic.sty
Package: hobsub-generic 2011/04/23 v1.4 Bundle oberdiek, subset generic (HO)
Package: hobsub 2011/04/23 v1.4 Subsetting bundle oberdiek (HO)
Package hobsub Info: Skipping package `infwarerr' (already loaded).
Package hobsub Info: Skipping package `ltxcmds' (already loaded).
Package hobsub Info: Skipping package `ifluatex' (already loaded).
Package: ifvtex 2010/03/01 v1.5 Switches for detecting VTeX and its modes (HO)
Package ifvtex Info: VTeX not detected.
Package: intcalc 2007/09/27 v1.1 Expandable integer calculations (HO)
Package hobsub Info: Skipping package `ifpdf' (already loaded).
Package hobsub Info: Skipping package `etexcmds' (already loaded).
Package hobsub Info: Skipping package `kvsetkeys' (already loaded).
Package hobsub Info: Skipping package `kvdefinekeys' (already loaded).
Package hobsub Info: Skipping package `pdftexcmds' (already loaded).
Package: pdfescape 2011/04/04 v1.12 Provides string conversions (HO)
Package: bigintcalc 2011/01/30 v1.2 Expandable big integer calculations (HO)
Package: bitset 2011/01/30 v1.1 Data type bit set (HO)
Package: uniquecounter 2011/01/30 v1.2 Provides unlimited unique counter (HO)
)
Package hobsub Info: Skipping package `hobsub' (already loaded).
Package: letltxmacro 2010/09/02 v1.4 Let assignment for LaTeX macros (HO)
Package: hopatch 2011/01/30 v1.0 Wrapper for package hooks (HO)
Package: xcolor-patch 2011/01/30 xcolor patch
Package: atveryend 2011/04/23 v1.7 Hooks at very end of document (HO)
Package: atbegshi 2011/01/30 v1.15 At begin shipout hook (HO)
Package: refcount 2010/12/01 v3.2 Data extraction from references (HO)
Package: hycolor 2011/01/30 v1.7 Color options of hyperref/bookmark (HO)
)
(D:\CTEX\MiKTeX\tex\generic\ifxetex\ifxetex.sty
Package: ifxetex 2010/09/12 v0.6 Provides ifxetex conditional
)
\@linkdim=\dimen135
\Hy@linkcounter=\count118
\Hy@pagecounter=\count119

(D:\CTEX\MiKTeX\tex\latex\hyperref\pd1enc.def
File: pd1enc.def 2012/02/06 v6.82o Hyperref: PDFDocEncoding definition (HO)
)
\Hy@SavedSpaceFactor=\count120

(D:\CTEX\MiKTeX\tex\latex\00miktex\hyperref.cfg
File: hyperref.cfg 2002/06/06 v1.2 hyperref configuration of TeXLive
)
Package hyperref Info: Hyper figures OFF on input line 4046.
Package hyperref Info: Link nesting OFF on input line 4051.
Package hyperref Info: Hyper index ON on input line 4054.
Package hyperref Info: Plain pages OFF on input line 4061.
Package hyperref Info: Backreferencing OFF on input line 4066.
Package hyperref Info: Implicit mode ON; LaTeX internals redefined.
Package hyperref Info: Bookmarks ON on input line 4284.
\c@Hy@tempcnt=\count121
LaTeX Info: Redefining \url on input line 4637.
\Fld@menulength=\count122
\Field@Width=\dimen136
\Fld@charsize=\dimen137
Package hyperref Info: Hyper figures OFF on input line 5757.
Package hyperref Info: Link nesting OFF on input line 5762.
Package hyperref Info: Hyper index ON on input line 5765.
Package hyperref Info: backreferencing OFF on input line 5772.
Package hyperref Info: Link coloring OFF on input line 5777.
Package hyperref Info: Link coloring with OCG OFF on input line 5782.
Package hyperref Info: PDF/A mode OFF on input line 5787.
LaTeX Info: Redefining \ref on input line 5827.
LaTeX Info: Redefining \pageref on input line 5831.
\Hy@abspage=\count123
\c@Item=\count124
\c@Hfootnote=\count125
)

Package hyperref Message: Driver (autodetected): hpdftex.

(D:\CTEX\MiKTeX\tex\latex\hyperref\hpdftex.def
File: hpdftex.def 2012/02/06 v6.82o Hyperref driver for pdfTeX
\Fld@listcount=\count126
\c@bookmark@seq@number=\count127

(D:\CTEX\MiKTeX\tex\latex\oberdiek\rerunfilecheck.sty
Package: rerunfilecheck 2011/04/15 v1.7 Rerun checks for auxiliary files (HO)
Package uniquecounter Info: New unique counter `rerunfilecheck' on input line 2
82.
)
\Hy@SectionHShift=\skip52
)
Package hyperref Info: Option `colorlinks' set `true' on input line 34.

(C:\Users\we\OneDrive\ÁªÑÂÜÖÊñáÁåÆ\Ê¨°‰∏ñ‰ª£ÁΩëÁªúÊû∂ÊûÑ‰∏éÁü©ÈòµÈù©ÂëΩ\Á¨¨‰∫åÁ
ØáÂ∞èËÆ∫Êñá\chapter\Energy_Efficient_for_UAV_Assisted_Vehicular.aux)
LaTeX Font Info:    Checking defaults for OML/cmm/m/it on input line 53.
LaTeX Font Info:    ... okay on input line 53.
LaTeX Font Info:    Checking defaults for T1/cmr/m/n on input line 53.
LaTeX Font Info:    ... okay on input line 53.
LaTeX Font Info:    Checking defaults for OT1/cmr/m/n on input line 53.
LaTeX Font Info:    ... okay on input line 53.
LaTeX Font Info:    Checking defaults for OMS/cmsy/m/n on input line 53.
LaTeX Font Info:    ... okay on input line 53.
LaTeX Font Info:    Checking defaults for OMX/cmex/m/n on input line 53.
LaTeX Font Info:    ... okay on input line 53.
LaTeX Font Info:    Checking defaults for U/cmr/m/n on input line 53.
LaTeX Font Info:    ... okay on input line 53.
LaTeX Font Info:    Checking defaults for PD1/pdf/m/n on input line 53.
LaTeX Font Info:    ... okay on input line 53.

(D:\CTEX\MiKTeX\tex\context\base\supp-pdf.mkii
[Loading MPS to PDF converter (version 2006.09.02).]
\scratchcounter=\count128
\scratchdimen=\dimen138
\scratchbox=\box31
\nofMPsegments=\count129
\nofMParguments=\count130
\everyMPshowfont=\toks33
\MPscratchCnt=\count131
\MPscratchDim=\dimen139
\MPnumerator=\count132
\makeMPintoPDFobject=\count133
\everyMPtoPDFconversion=\toks34
)
Package caption Info: Begin \AtBeginDocument code.
Package caption Info: float package is loaded.
Package caption Info: hyperref package is loaded.
Package caption Info: End \AtBeginDocument code.
\AtBeginShipoutBox=\box32
Package hyperref Info: Link coloring ON on input line 53.
 (D:\CTEX\MiKTeX\tex\latex\hyperref\nameref.sty
Package: nameref 2010/04/30 v2.40 Cross-referencing by name of section

(D:\CTEX\MiKTeX\tex\generic\oberdiek\gettitlestring.sty
Package: gettitlestring 2010/12/03 v1.4 Cleanup title references (HO)
)
\c@section@level=\count134
)
LaTeX Info: Redefining \ref on input line 53.
LaTeX Info: Redefining \pageref on input line 53.
LaTeX Info: Redefining \nameref on input line 53.

(C:\Users\we\OneDrive\ÁªÑÂÜÖÊñáÁåÆ\Ê¨°‰∏ñ‰ª£ÁΩëÁªúÊû∂ÊûÑ‰∏éÁü©ÈòµÈù©ÂëΩ\Á¨¨‰∫åÁ
ØáÂ∞èËÆ∫Êñá\chapter\Energy_Efficient_for_UAV_Assisted_Vehicular.out)
(C:\Users\we\OneDrive\ÁªÑÂÜÖÊñáÁåÆ\Ê¨°‰∏ñ‰ª£ÁΩëÁªúÊû∂ÊûÑ‰∏éÁü©ÈòµÈù©ÂëΩ\Á¨¨‰∫åÁ
ØáÂ∞èËÆ∫Êñá\chapter\Energy_Efficient_for_UAV_Assisted_Vehicular.out)
\@outlinefile=\write3

Underfull \hbox (badness 1939) in paragraph at lines 68--68
[][][]\OT1/ptm/m/n/8 Zhixin Li-u, Jian-shuai Wei, Ji-awei Su and Yazhou Yuan ar
e with
 []


Underfull \hbox (badness 2837) in paragraph at lines 68--68
\OT1/ptm/m/n/8 the School of Elec-tri-cal En-gi-neer-ing, Yan-shan U-ni-ver-si-
ty, Qin-huang-
 []

[1{D:/CTEX/UserData/pdftex/config/pdftex.map{Unicode.sfd}{UGBK.sfd}}


]
LaTeX Font Info:    Try loading font information for U+msa on input line 224.

(D:\CTEX\MiKTeX\tex\latex\amsfonts\umsa.fd
File: umsa.fd 2009/06/22 v3.00 AMS symbols A
)
LaTeX Font Info:    Try loading font information for U+msb on input line 224.

(D:\CTEX\MiKTeX\tex\latex\amsfonts\umsb.fd
File: umsb.fd 2009/06/22 v3.00 AMS symbols B
)
LaTeX Font Info:    Try loading font information for U+rsfs on input line 224.

(D:\CTEX\MiKTeX\tex\latex\jknappen\ursfs.fd
File: ursfs.fd 1998/03/24 rsfs font definition file (jk)
)

pdfTeX warning: pdflatex.exe (file C:/Users/we/OneDrive/ÁªÑÂÜÖÊñáÁåÆ/Ê¨°‰∏ñ‰ª£Á
ΩëÁªúÊû∂ÊûÑ‰∏éÁü©ÈòµÈù©ÂëΩ/Á¨¨‰∫åÁØáÂ∞èËÆ∫Êñá/figures/model4.pdf): PDF inclusio
n: found PDF version <1.7>, but at most version <1.5> allowed
<..//figures//model4.pdf, id=118, 1042.9765pt x 496.61536pt>
File: ..//figures//model4.pdf Graphic file (type pdf)

<use ..//figures//model4.pdf>
Package pdftex.def Info: ..//figures//model4.pdf used on input line 237.
(pdftex.def)             Requested size: 455.23482pt x 227.61986pt.
 [2]
Missing character: There is no ° in font ptmr7t!
Missing character: There is no Ø in font ptmr7t!

Underfull \hbox (badness 10000) in paragraph at lines 243--281
\OT1/ptm/m/n/10 ,The dis-tance of ve-hi-cle $\OML/cmm/m/it/10 M$ \OT1/ptm/m/n/1
0 from the UAV at
 []


Underfull \hbox (badness 10000) in paragraph at lines 243--281
$\OML/cmm/m/it/10 t$ \OT1/ptm/m/n/10 time s-lot is $[] [] \OT1/cmr/m/n/10 = [] 
=$
 []


Underfull \hbox (badness 10000) in paragraph at lines 243--281
$[] $\OT1/ptm/m/n/10 .
 []


Underfull \vbox (badness 10000) has occurred while \output is active []

 [3 <C:/Users/we/OneDrive/ÁªÑÂÜÖÊñáÁåÆ/Ê¨°‰∏ñ‰ª£ÁΩëÁªúÊû∂ÊûÑ‰∏éÁü©ÈòµÈù©ÂëΩ/Á¨¨
‰∫åÁØáÂ∞èËÆ∫Êñá/figures/model4.pdf>] [4]
Underfull \hbox (badness 1888) in paragraph at lines 381--381
 \OT1/ptm/m/it/10 A. Prob-a-bilis-tic Con-strained Ap-prox-i-ma-tion and Op-ti-
mal
 []


Overfull \hbox (4.77081pt too wide) in paragraph at lines 410--410
[] 
 []

Missing character: There is no £ in font ptmr7t!
Missing character: There is no ¨ in font ptmr7t!
Missing character: There is no £ in font ptmr7t!
Missing character: There is no ¨ in font ptmr7t!
[5]
Overfull \hbox (13.98286pt too wide) detected at line 489
[][]
 []

Missing character: There is no £ in font ptmr7t!
Missing character: There is no ¨ in font ptmr7t!

Overfull \hbox (9.9055pt too wide) in paragraph at lines 534--534
[] 
 []

Package hyperref Info: bookmark level for unknown algorithm defaults to 0 on in
put line 570.
[6]
Package epstopdf Info: Source file: <..//figures//trajectory.eps>
(epstopdf)                    date: 2024-04-28 19:22:44
(epstopdf)                    size: 178501 bytes
(epstopdf)             Output file: <..//figures//trajectory-eps-converted-to.p
df>
(epstopdf)                    date: 2024-04-29 13:20:03
(epstopdf)                    size: 24991 bytes
(epstopdf)             Command: <epstopdf --outfile=..//figures//trajectory-eps
-converted-to.pdf ..//figures//trajectory.eps>
(epstopdf)             \includegraphics on input line 593.
Package epstopdf Info: Output file is already uptodate.

<..//figures//trajectory-eps-converted-to.pdf, id=490, 1159.33125pt x 669.50125
pt>
File: ..//figures//trajectory-eps-converted-to.pdf Graphic file (type pdf)
 <use ..//figures//trajectory-eps-converted-to.pdf>
Package pdftex.def Info: ..//figures//trajectory-eps-converted-to.pdf used on i
nput line 593.
(pdftex.def)             Requested size: 455.23311pt x 227.6172pt.
Package epstopdf Info: Source file: <..//figures//UAVspeed.eps>
(epstopdf)                    date: 2024-04-28 19:20:03
(epstopdf)                    size: 49472 bytes
(epstopdf)             Output file: <..//figures//UAVspeed-eps-converted-to.pdf
>
(epstopdf)                    date: 2024-04-29 13:17:44
(epstopdf)                    size: 8695 bytes
(epstopdf)             Command: <epstopdf --outfile=..//figures//UAVspeed-eps-c
onverted-to.pdf ..//figures//UAVspeed.eps>
(epstopdf)             \includegraphics on input line 631.
Package epstopdf Info: Output file is already uptodate.

<..//figures//UAVspeed-eps-converted-to.pdf, id=492, 421.575pt x 316.18124pt>
File: ..//figures//UAVspeed-eps-converted-to.pdf Graphic file (type pdf)

<use ..//figures//UAVspeed-eps-converted-to.pdf>
Package pdftex.def Info: ..//figures//UAVspeed-eps-converted-to.pdf used on inp
ut line 631.
(pdftex.def)             Requested size: 227.62204pt x 170.72084pt.
Package epstopdf Info: Source file: <..//figures//difftheta.eps>
(epstopdf)                    date: 2024-04-28 20:23:35
(epstopdf)                    size: 22623 bytes
(epstopdf)             Output file: <..//figures//difftheta-eps-converted-to.pd
f>
(epstopdf)                    date: 2024-04-29 13:17:44
(epstopdf)                    size: 5457 bytes
(epstopdf)             Command: <epstopdf --outfile=..//figures//difftheta-eps-
converted-to.pdf ..//figures//difftheta.eps>
(epstopdf)             \includegraphics on input line 647.
Package epstopdf Info: Output file is already uptodate.

<..//figures//difftheta-eps-converted-to.pdf, id=494, 421.575pt x 316.18124pt>
File: ..//figures//difftheta-eps-converted-to.pdf Graphic file (type pdf)

<use ..//figures//difftheta-eps-converted-to.pdf>
Package pdftex.def Info: ..//figures//difftheta-eps-converted-to.pdf used on in
put line 647.
(pdftex.def)             Requested size: 227.62204pt x 170.72084pt.
Package epstopdf Info: Source file: <..//figures//DifferentSchemes.eps>
(epstopdf)                    date: 2024-04-28 19:57:52
(epstopdf)                    size: 20320 bytes
(epstopdf)             Output file: <..//figures//DifferentSchemes-eps-converte
d-to.pdf>
(epstopdf)                    date: 2024-04-29 13:17:45
(epstopdf)                    size: 3872 bytes
(epstopdf)             Command: <epstopdf --outfile=..//figures//DifferentSchem
es-eps-converted-to.pdf ..//figures//DifferentSchemes.eps>
(epstopdf)             \includegraphics on input line 655.
Package epstopdf Info: Output file is already uptodate.

<..//figures//DifferentSchemes-eps-converted-to.pdf, id=496, 421.575pt x 316.18
124pt>
File: ..//figures//DifferentSchemes-eps-converted-to.pdf Graphic file (type pdf
)
 <use ..//figures//DifferentSchemes-eps-converted-to.pdf>
Package pdftex.def Info: ..//figures//DifferentSchemes-eps-converted-to.pdf use
d on input line 655.
(pdftex.def)             Requested size: 227.62204pt x 170.72084pt.
 [7 <C:/Users/we/OneDrive/ÁªÑÂÜÖÊñáÁåÆ/Ê¨°‰∏ñ‰ª£ÁΩëÁªúÊû∂ÊûÑ‰∏éÁü©ÈòµÈù©ÂëΩ/Á¨¨
‰∫åÁØáÂ∞èËÆ∫Êñá/figures/UAVspeed-eps-converted-to.pdf> <C:/Users/we/OneDrive/Áª
ÑÂÜÖÊñáÁåÆ/Ê¨°‰∏ñ‰ª£ÁΩëÁªúÊû∂ÊûÑ‰∏éÁü©ÈòµÈù©ÂëΩ/Á¨¨‰∫åÁØáÂ∞èËÆ∫Êñá/figures/diff
theta-eps-converted-to.pdf>]
Package epstopdf Info: Source file: <..//figures//DifferentSchemesANDdifftheta.
eps>
(epstopdf)                    date: 2024-04-28 20:01:09
(epstopdf)                    size: 22410 bytes
(epstopdf)             Output file: <..//figures//DifferentSchemesANDdifftheta-
eps-converted-to.pdf>
(epstopdf)                    date: 2024-04-29 13:17:45
(epstopdf)                    size: 5539 bytes
(epstopdf)             Command: <epstopdf --outfile=..//figures//DifferentSchem
esANDdifftheta-eps-converted-to.pdf ..//figures//DifferentSchemesANDdifftheta.e
ps>
(epstopdf)             \includegraphics on input line 663.
Package epstopdf Info: Output file is already uptodate.

<..//figures//DifferentSchemesANDdifftheta-eps-converted-to.pdf, id=526, 421.57
5pt x 316.18124pt>
File: ..//figures//DifferentSchemesANDdifftheta-eps-converted-to.pdf Graphic fi
le (type pdf)

<use ..//figures//DifferentSchemesANDdifftheta-eps-converted-to.pdf>
Package pdftex.def Info: ..//figures//DifferentSchemesANDdifftheta-eps-converte
d-to.pdf used on input line 663.
(pdftex.def)             Requested size: 227.62204pt x 170.72084pt.

Underfull \vbox (badness 10000) has occurred while \output is active []



LaTeX Warning: File `..//figures//twoway.eps' not found on input line 672.

Package epstopdf Info: Source file: <..//figures//twoway.eps>
(epstopdf)             Output file: <..//figures//twoway-eps-converted-to.pdf>
(epstopdf)                    date: 2024-04-29 13:17:46
(epstopdf)                    size: 4103 bytes
(epstopdf)             Command: <epstopdf --outfile=..//figures//twoway-eps-con
verted-to.pdf ..//figures//twoway.eps>
(epstopdf)             \includegraphics on input line 672.
Package epstopdf Info: Output file is already uptodate.
<..//figures//twoway-eps-converted-to.pdf, id=528, 421.575pt x 316.18124pt>
File: ..//figures//twoway-eps-converted-to.pdf Graphic file (type pdf)

<use ..//figures//twoway-eps-converted-to.pdf>
Package pdftex.def Info: ..//figures//twoway-eps-converted-to.pdf used on input
 line 672.
(pdftex.def)             Requested size: 227.62204pt x 170.72084pt.

Underfull \vbox (badness 6477) has occurred while \output is active []

 [8 <C:/Users/we/OneDrive/ÁªÑÂÜÖÊñáÁåÆ/Ê¨°‰∏ñ‰ª£ÁΩëÁªúÊû∂ÊûÑ‰∏éÁü©ÈòµÈù©ÂëΩ/Á¨¨
‰∫åÁØáÂ∞èËÆ∫Êñá/figures/trajectory-eps-converted-to.pdf> <C:/Users/we/OneDrive/
ÁªÑÂÜÖÊñáÁåÆ/Ê¨°‰∏ñ‰ª£ÁΩëÁªúÊû∂ÊûÑ‰∏éÁü©ÈòµÈù©ÂëΩ/Á¨¨‰∫åÁØáÂ∞èËÆ∫Êñá/figures/Di
fferentSchemes-eps-converted-to.pdf> <C:/Users/we/OneDrive/ÁªÑÂÜÖÊñáÁåÆ/Ê¨°‰∏ñ‰
ª£ÁΩëÁªúÊû∂ÊûÑ‰∏éÁü©ÈòµÈù©ÂëΩ/Á¨¨‰∫åÁØáÂ∞èËÆ∫Êñá/figures/DifferentSchemesANDdif
ftheta-eps-converted-to.pdf>]
(C:\Users\we\OneDrive\ÁªÑÂÜÖÊñáÁåÆ\Ê¨°‰∏ñ‰ª£ÁΩëÁªúÊû∂ÊûÑ‰∏éÁü©ÈòµÈù©ÂëΩ\Á¨¨‰∫åÁ
ØáÂ∞èËÆ∫Êñá\chapter\Energy_Efficient_for_UAV_Assisted_Vehicular.bbl
Missing character: There is no ‚ in font ptmr7t!
Missing character: There is no Ä in font ptmr7t!
Missing character: There is no ì in font ptmr7t!
Missing character: There is no ‚ in font ptmr7t!
Missing character: There is no Ä in font ptmr7t!
Missing character: There is no ì in font ptmr7t!
)
Package atveryend Info: Empty hook `BeforeClearDocument' on input line 699.
 [9 <C:/Users/we/OneDrive/ÁªÑÂÜÖÊñáÁåÆ/Ê¨°‰∏ñ‰ª£ÁΩëÁªúÊû∂ÊûÑ‰∏éÁü©ÈòµÈù©ÂëΩ/Á¨¨
‰∫åÁØáÂ∞èËÆ∫Êñá/figures/twoway-eps-converted-to.pdf>]
Package atveryend Info: Empty hook `AfterLastShipout' on input line 699.

(C:\Users\we\OneDrive\ÁªÑÂÜÖÊñáÁåÆ\Ê¨°‰∏ñ‰ª£ÁΩëÁªúÊû∂ÊûÑ‰∏éÁü©ÈòµÈù©ÂëΩ\Á¨¨‰∫åÁ
ØáÂ∞èËÆ∫Êñá\chapter\Energy_Efficient_for_UAV_Assisted_Vehicular.aux)
Package atveryend Info: Executing hook `AtVeryEndDocument' on input line 699.
Package atveryend Info: Executing hook `AtEndAfterFileList' on input line 699.
Package rerunfilecheck Info: File `Energy_Efficient_for_UAV_Assisted_Vehicular.
out' has not changed.
(rerunfilecheck)             Checksum: CD64E4F7ADDD5BBFFC65B0CB7B8121FB;1227.
 ) 
Here is how much of TeX's memory you used:
 8396 strings out of 495354
 127978 string characters out of 3183860
 247542 words of memory out of 3000000
 11289 multiletter control sequences out of 15000+200000
 45085 words of font info for 97 fonts, out of 3000000 for 9000
 17 hyphenation exceptions out of 8191
 42i,14n,40p,2129b,583s stack positions out of 5000i,500n,10000p,200000b,50000s
{D:/CTEX/MiKTeX/fonts/enc/dvips/fontname/8r.enc}<D:/CTEX/MiKTeX/fonts/type1/p
ublic/amsfonts/cm/cmbx10.pfb><D:/CTEX/MiKTeX/fonts/type1/public/amsfonts/cm/cmb
x7.pfb><D:/CTEX/MiKTeX/fonts/type1/public/amsfonts/cm/cmbx9.pfb><D:/CTEX/MiKTeX
/fonts/type1/public/amsfonts/cm/cmex10.pfb><D:/CTEX/MiKTeX/fonts/type1/public/a
msfonts/cmextra/cmex7.pfb><D:/CTEX/MiKTeX/fonts/type1/public/amsfonts/cm/cmmi10
.pfb><D:/CTEX/MiKTeX/fonts/type1/public/amsfonts/cm/cmmi5.pfb><D:/CTEX/MiKTeX/f
onts/type1/public/amsfonts/cm/cmmi6.pfb><D:/CTEX/MiKTeX/fonts/type1/public/amsf
onts/cm/cmmi7.pfb><D:/CTEX/MiKTeX/fonts/type1/public/amsfonts/cm/cmmi9.pfb><D:/
CTEX/MiKTeX/fonts/type1/public/amsfonts/cm/cmr10.pfb><D:/CTEX/MiKTeX/fonts/type
1/public/amsfonts/cm/cmr5.pfb><D:/CTEX/MiKTeX/fonts/type1/public/amsfonts/cm/cm
r6.pfb><D:/CTEX/MiKTeX/fonts/type1/public/amsfonts/cm/cmr7.pfb><D:/CTEX/MiKTeX/
fonts/type1/public/amsfonts/cm/cmr9.pfb><D:/CTEX/MiKTeX/fonts/type1/public/amsf
onts/cm/cmsy10.pfb><D:/CTEX/MiKTeX/fonts/type1/public/amsfonts/cm/cmsy5.pfb><D:
/CTEX/MiKTeX/fonts/type1/public/amsfonts/cm/cmsy6.pfb><D:/CTEX/MiKTeX/fonts/typ
e1/public/amsfonts/cm/cmsy7.pfb><D:/CTEX/MiKTeX/fonts/type1/public/amsfonts/cm/
cmsy9.pfb><D:/CTEX/MiKTeX/fonts/type1/public/amsfonts/symbols/msam10.pfb><D:/CT
EX/MiKTeX/fonts/type1/public/amsfonts/symbols/msbm10.pfb><D:/CTEX/MiKTeX/fonts/
type1/urw/times/utmb8a.pfb><D:/CTEX/MiKTeX/fonts/type1/urw/times/utmbi8a.pfb><D
:/CTEX/MiKTeX/fonts/type1/urw/times/utmr8a.pfb><D:/CTEX/MiKTeX/fonts/type1/urw/
times/utmri8a.pfb>
Output written on Energy_Efficient_for_UAV_Assisted_Vehicular.pdf (9 pages, 474
062 bytes).
PDF statistics:
 662 PDF objects out of 1000 (max. 8388607)
 117 named destinations out of 1000 (max. 500000)
 164 words of extra memory for PDF output out of 10000 (max. 10000000)

