This is pdfTeX, Version 3.1415926-2.3-1.40.12 (MiKTeX 2.9) (preloaded format=latex 2021.1.2)  18 FEB 2021 13:55
entering extended mode
**shzhao.tex
(C:\Users\Dell\Desktop\zsh‰øÆÊîπ2.18\ËµµÊùæÊôóËÆ∫Êñá‰øÆÊîπ2021.2.18\shzhao.tex
LaTeX2e <2011/06/27>
Babel <v3.8m> and hyphenation patterns for loaded.

(C:\Users\Dell\Desktop\zsh‰øÆÊîπ2.18\ËµµÊùæÊôóËÆ∫Êñá‰øÆÊîπ2021.2.18\IEEEtran.cl
s
Document Class: IEEEtran 2007/01/11 V1.7 by Michael Shell
-- See the "IEEEtran_HOWTO" manual for usage information.
-- http://www.michaelshell.org/tex/ieeetran/
\@IEEEtrantmpdimenA=\dimen102
\@IEEEtrantmpdimenB=\dimen103
\@IEEEtrantmpcountA=\count79
\@IEEEtrantmpcountB=\count80
\@IEEEtrantmptoksA=\toks14
LaTeX Font Info:    Try loading font information for OT1+ptm on input line 368.

(E:\TOOLS\CTEX\MiKTeX\tex\latex\psnfss\ot1ptm.fd
File: ot1ptm.fd 2001/06/04 font definitions for OT1/ptm.
)
-- Using 8.5in x 11in (letter) paper.
-- Using DVI output.
\@IEEEnormalsizeunitybaselineskip=\dimen104
-- This is a 10 point document.
\CLASSINFOnormalsizebaselineskip=\dimen105
\CLASSINFOnormalsizeunitybaselineskip=\dimen106
\IEEEnormaljot=\dimen107
LaTeX Font Info:    Font shape `OT1/ptm/bx/n' in size <5> not available
(Font)              Font shape `OT1/ptm/b/n' tried instead on input line 726.
LaTeX Font Info:    Font shape `OT1/ptm/bx/it' in size <5> not available
(Font)              Font shape `OT1/ptm/b/it' tried instead on input line 726.
LaTeX Font Info:    Font shape `OT1/ptm/bx/n' in size <7> not available
(Font)              Font shape `OT1/ptm/b/n' tried instead on input line 726.
LaTeX Font Info:    Font shape `OT1/ptm/bx/it' in size <7> not available
(Font)              Font shape `OT1/ptm/b/it' tried instead on input line 726.
LaTeX Font Info:    Font shape `OT1/ptm/bx/n' in size <8> not available
(Font)              Font shape `OT1/ptm/b/n' tried instead on input line 726.
LaTeX Font Info:    Font shape `OT1/ptm/bx/it' in size <8> not available
(Font)              Font shape `OT1/ptm/b/it' tried instead on input line 726.
LaTeX Font Info:    Font shape `OT1/ptm/bx/n' in size <9> not available
(Font)              Font shape `OT1/ptm/b/n' tried instead on input line 726.
LaTeX Font Info:    Font shape `OT1/ptm/bx/it' in size <9> not available
(Font)              Font shape `OT1/ptm/b/it' tried instead on input line 726.
LaTeX Font Info:    Font shape `OT1/ptm/bx/n' in size <10> not available
(Font)              Font shape `OT1/ptm/b/n' tried instead on input line 726.
LaTeX Font Info:    Font shape `OT1/ptm/bx/it' in size <10> not available
(Font)              Font shape `OT1/ptm/b/it' tried instead on input line 726.
LaTeX Font Info:    Font shape `OT1/ptm/bx/n' in size <11> not available
(Font)              Font shape `OT1/ptm/b/n' tried instead on input line 726.
LaTeX Font Info:    Font shape `OT1/ptm/bx/it' in size <11> not available
(Font)              Font shape `OT1/ptm/b/it' tried instead on input line 726.
LaTeX Font Info:    Font shape `OT1/ptm/bx/n' in size <12> not available
(Font)              Font shape `OT1/ptm/b/n' tried instead on input line 726.
LaTeX Font Info:    Font shape `OT1/ptm/bx/it' in size <12> not available
(Font)              Font shape `OT1/ptm/b/it' tried instead on input line 726.
LaTeX Font Info:    Font shape `OT1/ptm/bx/n' in size <17> not available
(Font)              Font shape `OT1/ptm/b/n' tried instead on input line 726.
LaTeX Font Info:    Font shape `OT1/ptm/bx/it' in size <17> not available
(Font)              Font shape `OT1/ptm/b/it' tried instead on input line 726.
LaTeX Font Info:    Font shape `OT1/ptm/bx/n' in size <20> not available
(Font)              Font shape `OT1/ptm/b/n' tried instead on input line 726.
LaTeX Font Info:    Font shape `OT1/ptm/bx/it' in size <20> not available
(Font)              Font shape `OT1/ptm/b/it' tried instead on input line 726.
LaTeX Font Info:    Font shape `OT1/ptm/bx/n' in size <24> not available
(Font)              Font shape `OT1/ptm/b/n' tried instead on input line 726.
LaTeX Font Info:    Font shape `OT1/ptm/bx/it' in size <24> not available
(Font)              Font shape `OT1/ptm/b/it' tried instead on input line 726.
\IEEEilabelindentA=\dimen108
\IEEEilabelindentB=\dimen109
\IEEEilabelindent=\dimen110
\IEEEelabelindent=\dimen111
\IEEEdlabelindent=\dimen112
\IEEElabelindent=\dimen113
\IEEEiednormlabelsep=\dimen114
\IEEEiedmathlabelsep=\dimen115
\IEEEiedtopsep=\skip41
\c@section=\count81
\c@subsection=\count82
\c@subsubsection=\count83
\c@paragraph=\count84
\c@IEEEsubequation=\count85
\abovecaptionskip=\skip42
\belowcaptionskip=\skip43
\c@figure=\count86
\c@table=\count87
\@IEEEeqnnumcols=\count88
\@IEEEeqncolcnt=\count89
\@IEEEtmpitemindent=\dimen116
\c@IEEEbiography=\count90
\@IEEEtranrubishbin=\box26
) (E:\TOOLS\CTEX\MiKTeX\tex\latex\jknappen\mathrsfs.sty
Package: mathrsfs 1996/01/01 Math RSFS package v1.0 (jk)
\symrsfs=\mathgroup4
)
(E:\TOOLS\CTEX\MiKTeX\tex\latex\bbm\bbm.sty
Package: bbm 1999/03/15 V 1.2 provides fonts for set symbols - TH
LaTeX Font Info:    Overwriting math alphabet `\mathbbm' in version `bold'
(Font)                  U/bbm/m/n --> U/bbm/bx/n on input line 33.
LaTeX Font Info:    Overwriting math alphabet `\mathbbmss' in version `bold'
(Font)                  U/bbmss/m/n --> U/bbmss/bx/n on input line 35.
)
(E:\TOOLS\CTEX\MiKTeX\tex\latex\amsfonts\amsfonts.sty
Package: amsfonts 2009/06/22 v3.00 Basic AMSFonts support
\@emptytoks=\toks15
\symAMSa=\mathgroup5
\symAMSb=\mathgroup6
LaTeX Font Info:    Overwriting math alphabet `\mathfrak' in version `bold'
(Font)                  U/euf/m/n --> U/euf/b/n on input line 96.
)
(E:\TOOLS\CTEX\MiKTeX\tex\latex\ams\math\amsmath.sty
Package: amsmath 2000/07/18 v2.13 AMS math features
\@mathmargin=\skip44

For additional information on amsmath, use the `?' option.
(E:\TOOLS\CTEX\MiKTeX\tex\latex\ams\math\amstext.sty
Package: amstext 2000/06/29 v2.01

(E:\TOOLS\CTEX\MiKTeX\tex\latex\ams\math\amsgen.sty
File: amsgen.sty 1999/11/30 v2.0
\@emptytoks=\toks16
\ex@=\dimen117
))
(E:\TOOLS\CTEX\MiKTeX\tex\latex\ams\math\amsbsy.sty
Package: amsbsy 1999/11/29 v1.2d
\pmbraise@=\dimen118
)
(E:\TOOLS\CTEX\MiKTeX\tex\latex\ams\math\amsopn.sty
Package: amsopn 1999/12/14 v2.01 operator names
)
\inf@bad=\count91
LaTeX Info: Redefining \frac on input line 211.
\uproot@=\count92
\leftroot@=\count93
LaTeX Info: Redefining \overline on input line 307.
\classnum@=\count94
\DOTSCASE@=\count95
LaTeX Info: Redefining \ldots on input line 379.
LaTeX Info: Redefining \dots on input line 382.
LaTeX Info: Redefining \cdots on input line 467.
\Mathstrutbox@=\box27
\strutbox@=\box28
\big@size=\dimen119
LaTeX Font Info:    Redeclaring font encoding OML on input line 567.
LaTeX Font Info:    Redeclaring font encoding OMS on input line 568.
\macc@depth=\count96
\c@MaxMatrixCols=\count97
\dotsspace@=\muskip10
\c@parentequation=\count98
\dspbrk@lvl=\count99
\tag@help=\toks17
\row@=\count100
\column@=\count101
\maxfields@=\count102
\andhelp@=\toks18
\eqnshift@=\dimen120
\alignsep@=\dimen121
\tagshift@=\dimen122
\tagwidth@=\dimen123
\totwidth@=\dimen124
\lineht@=\dimen125
\@envbody=\toks19
\multlinegap=\skip45
\multlinetaggap=\skip46
\mathdisplay@stack=\toks20
LaTeX Info: Redefining \[ on input line 2666.
LaTeX Info: Redefining \] on input line 2667.
)
(E:\TOOLS\CTEX\MiKTeX\tex\latex\graphics\color.sty
Package: color 2005/11/14 v1.0j Standard LaTeX Color (DPC)

(E:\TOOLS\CTEX\MiKTeX\tex\latex\00miktex\color.cfg
File: color.cfg 2007/01/18 v1.5 color configuration of teTeX/TeXLive
)
Package color Info: Driver file: dvips.def on input line 130.

(E:\TOOLS\CTEX\MiKTeX\tex\latex\graphics\dvips.def
File: dvips.def 1999/02/16 v3.0i Driver-dependant file (DPC,SPQR)
)
(E:\TOOLS\CTEX\MiKTeX\tex\latex\graphics\dvipsnam.def
File: dvipsnam.def 1999/02/16 v3.0i Driver-dependant file (DPC,SPQR)
))
(E:\TOOLS\CTEX\MiKTeX\tex\latex\cases\cases.sty
Package: cases 2002/05/02 ver 2.5 
)
\c@mytempeqncnt=\count103

(E:\TOOLS\CTEX\MiKTeX\tex\latex\amsfonts\amssymb.sty
Package: amssymb 2009/06/22 v3.00
)
(E:\TOOLS\CTEX\MiKTeX\tex\latex\booktabs\booktabs.sty
Package: booktabs 2005/04/14 v1.61803 publication quality tables
\heavyrulewidth=\dimen126
\lightrulewidth=\dimen127
\cmidrulewidth=\dimen128
\belowrulesep=\dimen129
\belowbottomsep=\dimen130
\aboverulesep=\dimen131
\abovetopsep=\dimen132
\cmidrulesep=\dimen133
\cmidrulekern=\dimen134
\defaultaddspace=\dimen135
\@cmidla=\count104
\@cmidlb=\count105
\@aboverulesep=\dimen136
\@belowrulesep=\dimen137
\@thisruleclass=\count106
\@lastruleclass=\count107
\@thisrulewidth=\dimen138
)
(E:\TOOLS\CTEX\MiKTeX\tex\latex\graphics\graphicx.sty
Package: graphicx 1999/02/16 v1.0f Enhanced LaTeX Graphics (DPC,SPQR)

(E:\TOOLS\CTEX\MiKTeX\tex\latex\graphics\keyval.sty
Package: keyval 1999/03/16 v1.13 key=value parser (DPC)
\KV@toks@=\toks21
)
(E:\TOOLS\CTEX\MiKTeX\tex\latex\graphics\graphics.sty
Package: graphics 2009/02/05 v1.0o Standard LaTeX Graphics (DPC,SPQR)

(E:\TOOLS\CTEX\MiKTeX\tex\latex\graphics\trig.sty
Package: trig 1999/03/16 v1.09 sin cos tan (DPC)
)
(E:\TOOLS\CTEX\MiKTeX\tex\latex\00miktex\graphics.cfg
File: graphics.cfg 2007/01/18 v1.5 graphics configuration of teTeX/TeXLive
)
Package graphics Info: Driver file: dvips.def on input line 91.
)
\Gin@req@height=\dimen139
\Gin@req@width=\dimen140
)
(E:\TOOLS\CTEX\MiKTeX\tex\latex\multirow\multirow.sty
\bigstrutjot=\dimen141
)
(E:\TOOLS\CTEX\MiKTeX\tex\latex\diagbox\diagbox.sty
Package: diagbox 2011/11/23 v2.0 Making table heads with diagonal lines

(E:\TOOLS\CTEX\MiKTeX\tex\latex\pict2e\pict2e.sty
Package: pict2e 2011/04/05 v0.2y Improved picture commands (HjG,RN,JT)

(E:\TOOLS\CTEX\MiKTeX\tex\latex\00miktex\pict2e.cfg
File: pict2e.cfg 2005/12/29 v1.0 MiKTeX 'pict2e' configuration
)
Package pict2e Info: Driver file: dvips.def on input line 119.
Package pict2e Info: Driver file for pict2e: p2e-dvips.def on input line 121.

(E:\TOOLS\CTEX\MiKTeX\tex\latex\pict2e\p2e-dvips.def
File: p2e-dvips.def 2011/04/05 v0.1t Driver-dependant file (RN,HjG,JT)
)
\pIIe@GRAPH=\toks22
\@arclen=\dimen142
\@arcrad=\dimen143
\@tempdimd=\dimen144
)
(E:\TOOLS\CTEX\MiKTeX\tex\latex\fp\fp.sty
Package: fp 1995/04/02

`Fixed Point Package', Version 0.8, April 2, 1995 (C) Michael Mehlich
(E:\TOOLS\CTEX\MiKTeX\tex\latex\fp\defpattern.sty
Package: defpattern 1994/10/12
\actioncount=\count108
)
(E:\TOOLS\CTEX\MiKTeX\tex\latex\fp\fp-basic.sty
Package: fp-basic 1996/05/13
\FP@xs=\count109
\FP@xia=\count110
\FP@xib=\count111
\FP@xfa=\count112
\FP@xfb=\count113
\FP@rega=\count114
\FP@regb=\count115
\FP@regs=\count116
\FP@times=\count117
)
(E:\TOOLS\CTEX\MiKTeX\tex\latex\fp\fp-addons.sty
Package: fp-addons 1995/03/15
)
(E:\TOOLS\CTEX\MiKTeX\tex\latex\fp\fp-snap.sty
Package: fp-snap 1995/04/05
)
(E:\TOOLS\CTEX\MiKTeX\tex\latex\fp\fp-exp.sty
Package: fp-exp 1995/04/03
)
(E:\TOOLS\CTEX\MiKTeX\tex\latex\fp\fp-trigo.sty
Package: fp-trigo 1995/04/14
)
(E:\TOOLS\CTEX\MiKTeX\tex\latex\fp\fp-pas.sty
Package: fp-pas 1994/08/29
)
(E:\TOOLS\CTEX\MiKTeX\tex\latex\fp\fp-random.sty
Package: fp-random 1995/02/23
\FPseed=\count118
)
(E:\TOOLS\CTEX\MiKTeX\tex\latex\fp\fp-eqn.sty
Package: fp-eqn 1995/04/03
)
(E:\TOOLS\CTEX\MiKTeX\tex\latex\fp\fp-upn.sty
Package: fp-upn 1996/10/21
)
(E:\TOOLS\CTEX\MiKTeX\tex\latex\fp\fp-eval.sty
Package: fp-eval 1995/04/03
))
\diagbox@boxa=\box29
\diagbox@boxb=\box30
\diagbox@boxm=\box31
\diagbox@wd=\dimen145
\diagbox@ht=\dimen146
\diagbox@sepl=\dimen147
\diagbox@sepr=\dimen148
)
(E:\TOOLS\CTEX\MiKTeX\tex\latex\subfigure\subfigure.sty
Package: subfigure 2002/07/30 v2.1.4 subfigure package
\subfigtopskip=\skip47
\subfigcapskip=\skip48
\subfigcaptopadj=\dimen149
\subfigbottomskip=\skip49
\subfigcapmargin=\dimen150
\subfiglabelskip=\skip50
\c@subfigure=\count119
\c@lofdepth=\count120
\c@subtable=\count121
\c@lotdepth=\count122

****************************************
* Local config file subfigure.cfg used *
****************************************
(E:\TOOLS\CTEX\MiKTeX\tex\latex\subfigure\subfigure.cfg)
\subfig@top=\skip51
\subfig@bottom=\skip52
)
(E:\TOOLS\CTEX\MiKTeX\tex\latex\caption\caption.sty
Package: caption 2011/11/10 v3.2e Customizing captions (AR)

(E:\TOOLS\CTEX\MiKTeX\tex\latex\caption\caption3.sty
Package: caption3 2011/11/01 v1.4a caption3 kernel (AR)
\captionmargin=\dimen151
\captionmargin@=\dimen152
\captionwidth=\dimen153
\caption@indent=\dimen154
\caption@parindent=\dimen155
\caption@hangindent=\dimen156
Package caption Info: Unknown document class (or package),
(caption)             standard defaults will be used.
)

Package caption Warning: Unsupported document class (or package) detected,
(caption)                usage of the caption package is not recommended.
See the caption package documentation for explanation.

Package caption Info: \@makecaption = \long macro:#1#2->\ifx \@captype \@IEEEta
blestring \footnotesize \begin {center}{\normalfont \footnotesize #1}\\{\normal
font \footnotesize \scshape #2}\end {center}\@IEEEtablecaptionsepspace \else \@
IEEEfigurecaptionsepspace \setbox \@tempboxa \hbox {\normalfont \footnotesize {
#1.}~~ #2}\ifdim \wd \@tempboxa >\hsize \setbox \@tempboxa \hbox {\normalfont \
footnotesize {#1.}~~ }\parbox [t]{\hsize }{\normalfont \footnotesize \noindent 
\unhbox \@tempboxa #2}\else \ifCLASSOPTIONconference \hbox to\hsize {\normalfon
t \footnotesize \hfil \box \@tempboxa \hfil }\else \hbox to\hsize {\normalfont 
\footnotesize \box \@tempboxa \hfil }\fi \fi \fi .
\c@ContinuedFloat=\count123
Package caption Info: subfigure package is loaded.
) (E:\TOOLS\CTEX\MiKTeX\tex\latex\makecell\makecell.sty
Package: makecell 2009/08/03 V0.1e Managing of Tab Column Heads and Cells

(E:\TOOLS\CTEX\MiKTeX\tex\latex\tools\array.sty
Package: array 2008/09/09 v2.4c Tabular extension package (FMi)
\col@sep=\dimen157
\extrarowheight=\dimen158
\NC@list=\toks23
\extratabsurround=\skip53
\backup@length=\skip54
)
\rotheadsize=\dimen159
\c@nlinenum=\count124
\TeXr@lab=\toks24
)
(E:\TOOLS\CTEX\MiKTeX\tex\latex\threeparttable\threeparttable.sty
Package: threeparttable 2003/06/13  v 3.0
\@tempboxb=\box32
)
(E:\TOOLS\CTEX\MiKTeX\tex\latex\algorithms\algorithm.sty
Package: algorithm 2009/08/24 v0.1 Document Style `algorithm' - floating enviro
nment

(E:\TOOLS\CTEX\MiKTeX\tex\latex\float\float.sty
Package: float 2001/11/08 v1.3d Float enhancements (AL)
\c@float@type=\count125
\float@exts=\toks25
\float@box=\box33
\@float@everytoks=\toks26
\@floatcapt=\box34
)
(E:\TOOLS\CTEX\MiKTeX\tex\latex\base\ifthen.sty
Package: ifthen 2001/05/26 v1.1c Standard LaTeX ifthen package (DPC)
)
\@float@every@algorithm=\toks27
\c@algorithm=\count126
)
(E:\TOOLS\CTEX\MiKTeX\tex\latex\algorithms\algorithmic.sty
Package: algorithmic 2009/08/24 v0.1 Document Style `algorithmic'
\c@ALC@unique=\count127
\c@ALC@line=\count128
\c@ALC@rem=\count129
\c@ALC@depth=\count130
\ALC@tlm=\skip55
\algorithmicindent=\skip56
)
(E:\TOOLS\CTEX\MiKTeX\tex\latex\setspace\setspace.sty
Package: setspace 2011/12/19 v6.7a set line spacing
)
(E:\TOOLS\CTEX\MiKTeX\tex\latex\natbib\natbib.sty
Package: natbib 2010/09/13 8.31b (PWD, AO)
\bibhang=\skip57
\bibsep=\skip58
LaTeX Info: Redefining \cite on input line 694.
\c@NAT@ctr=\count131
)
(E:\TOOLS\CTEX\MiKTeX\tex\latex\dstroke\dsfont.sty
Package: dsfont 1995/08/01 v0.1 Double stroke roman fonts
)
\c@definition=\count132
\c@lemma=\count133
\c@corollary=\count134
\c@proposition=\count135
\c@theorem=\count136
\c@remark=\count137
\c@example=\count138
\c@assumption=\count139

(C:\Users\Dell\Desktop\zsh‰øÆÊîπ2.18\ËµµÊùæÊôóËÆ∫Êñá‰øÆÊîπ2021.2.18\shzhao.aux

LaTeX Warning: Label `th1' multiply defined.


LaTeX Warning: Label `th2' multiply defined.

)
LaTeX Font Info:    Checking defaults for OML/cmm/m/it on input line 47.
LaTeX Font Info:    ... okay on input line 47.
LaTeX Font Info:    Checking defaults for T1/cmr/m/n on input line 47.
LaTeX Font Info:    ... okay on input line 47.
LaTeX Font Info:    Checking defaults for OT1/cmr/m/n on input line 47.
LaTeX Font Info:    ... okay on input line 47.
LaTeX Font Info:    Checking defaults for OMS/cmsy/m/n on input line 47.
LaTeX Font Info:    ... okay on input line 47.
LaTeX Font Info:    Checking defaults for OMX/cmex/m/n on input line 47.
LaTeX Font Info:    ... okay on input line 47.
LaTeX Font Info:    Checking defaults for U/cmr/m/n on input line 47.
LaTeX Font Info:    ... okay on input line 47.
Package caption Info: Begin \AtBeginDocument code.
Package caption Info: float package is loaded.
Package caption Info: threeparttable package is loaded.
Package caption Info: End \AtBeginDocument code.
 [1


]
LaTeX Font Info:    Try loading font information for U+rsfs on input line 99.
 (E:\TOOLS\CTEX\MiKTeX\tex\latex\jknappen\ursfs.fd
File: ursfs.fd 1998/03/24 rsfs font definition file (jk)
)
LaTeX Font Info:    Try loading font information for U+msa on input line 99.

(E:\TOOLS\CTEX\MiKTeX\tex\latex\amsfonts\umsa.fd
File: umsa.fd 2009/06/22 v3.00 AMS symbols A
)
LaTeX Font Info:    Try loading font information for U+msb on input line 99.

(E:\TOOLS\CTEX\MiKTeX\tex\latex\amsfonts\umsb.fd
File: umsb.fd 2009/06/22 v3.00 AMS symbols B
) [2]
File: model.eps Graphic file (type eps)
 <model.eps>
Overfull \hbox (4.0748pt too wide) in paragraph at lines 127--128
 [][][] 
 []

File: frame.eps Graphic file (type eps)
<frame.eps>
Overfull \hbox (4.0748pt too wide) in paragraph at lines 133--134
 [][][] 
 []

[3] [4]
** ATTENTION: \proof is depreciated (line 229). Use \IEEEproof instead.

Package amsmath Warning: Cannot use `split' here;
(amsmath)                trying to recover with `aligned' on input line 235.


Package amsmath Warning: Cannot use `split' here;
(amsmath)                trying to recover with `aligned' on input line 244.


Package amsmath Warning: Cannot use `split' here;
(amsmath)                trying to recover with `aligned' on input line 257.


Overfull \hbox (2.62482pt too wide) in paragraph at lines 280--282
$[]\OML/cmm/m/it/10 h[]$\OT1/ptm/m/n/10 , and $\OML/cmm/m/it/10 B[]$$\OT1/cmr/m
/n/10 =$$[] \OML/cmm/m/it/10 h[]$\OT1/ptm/m/n/10 .
 []


Underfull \hbox (badness 2828) in paragraph at lines 280--282
$\OT1/cmr/m/n/10 [\OML/cmm/m/it/10 x\OT1/cmr/m/n/10 ][]$$=$$\OML/cmm/m/it/10 x$
\OT1/ptm/m/n/10 , if $\OML/cmm/m/it/10 a$$\OMS/cmsy/m/n/10 $$\OML/cmm/m/it/10 
x$$\OMS/cmsy/m/n/10 $$\OML/cmm/m/it/10 b$\OT1/ptm/m/n/10 . The de-tailed deriv
a-tion pro-cess is
 []


Overfull \hbox (5.44334pt too wide) in alignment at lines 296--301
 [][][] []
 []


Overfull \hbox (3.77664pt too wide) in alignment at lines 302--307
 [][][] []
 []

[5]
** ATTENTION: \proof is depreciated (line 331). Use \IEEEproof instead.

Underfull \vbox (badness 1189) has occurred while \output is active []



Package amsmath Warning: Cannot use `split' here;
(amsmath)                trying to recover with `aligned' on input line 385.

[6]
Overfull \hbox (8.73793pt too wide) in paragraph at lines 421--440
 [][][] 
 []

File: piconvergence.eps Graphic file (type eps)
<piconvergence.eps>
File: pciconvergence.eps Graphic file (type eps)
 <pciconvergence.eps>

LaTeX Warning: `h' float specifier changed to `ht'.

File: tconvergence.eps Graphic file (type eps)
<tconvergence.eps>
Underfull \vbox (badness 7963) has occurred while \output is active []

 [7]
File: EHandEAs.eps Graphic file (type eps)

<EHandEAs.eps>
File: Fairness1.eps Graphic file (type eps)
 <Fairness1.eps>
File: Fairness2.eps Graphic file (type eps)
 <Fairness2.eps>
File: Fairness3.eps Graphic file (type eps)
 <Fairness3.eps>
File: targetofsu2.eps Graphic file (type eps)

<targetofsu2.eps>
File: targetofsu1.eps Graphic file (type eps)
 <targetofsu1.eps> [8]
File: PE.eps Graphic file (type eps)
 <PE.eps>
Underfull \vbox (badness 10000) has occurred while \output is active []

File: R.eps Graphic file (type eps)
 <R.eps>
Missing character: There is no ° in font ptmr7t!
Missing character: There is no Ø in font ptmr7t!
Missing character: There is no ° in font ptmr7t!
Missing character: There is no Ø in font ptmr7t!

[9]

Package amsmath Warning: Cannot use `split' here;
(amsmath)                trying to recover with `aligned' on input line 553.


Package amsmath Warning: Cannot use `split' here;
(amsmath)                trying to recover with `aligned' on input line 564.


Package amsmath Warning: Cannot use `split' here;
(amsmath)                trying to recover with `aligned' on input line 576.


Underfull \hbox (badness 10000) in paragraph at lines 581--583

 []


Package amsmath Warning: Cannot use `split' here;
(amsmath)                trying to recover with `aligned' on input line 591.


Package amsmath Warning: Cannot use `split' here;
(amsmath)                trying to recover with `aligned' on input line 598.

(C:\Users\Dell\Desktop\zsh‰øÆÊîπ2.18\ËµµÊùæÊôóËÆ∫Êñá‰øÆÊîπ2021.2.18\shzhao.bbl
Underfull \hbox (badness 1377) in paragraph at lines 30--34
[][]\OT1/ptm/m/n/10 I. Krikidis, S. Tim-o-th-eou, S. Niko-laou, G. Zheng,
 []

[10] [11]
Underfull \hbox (badness 4416) in paragraph at lines 210--214
[][]\OT1/ptm/m/n/10 A. B. Sediq, R. H. Go-hary, R. Schoe-nen, and
 []

) [12

]
(C:\Users\Dell\Desktop\zsh‰øÆÊîπ2.18\ËµµÊùæÊôóËÆ∫Êñá‰øÆÊîπ2021.2.18\shzhao.aux)

LaTeX Warning: There were multiply-defined labels.

 ) 
Here is how much of TeX's memory you used:
 5557 strings out of 495355
 78323 string characters out of 3183547
 166796 words of memory out of 3000000
 8587 multiletter control sequences out of 15000+200000
 34243 words of font info for 90 fonts, out of 3000000 for 9000
 17 hyphenation exceptions out of 8191
 36i,21n,38p,1707b,477s stack positions out of 5000i,500n,10000p,200000b,50000s

Output written on shzhao.dvi (12 pages, 107616 bytes).
