\BOOKMARK [0][-]{chapter*.1}{摘 要}{}% 1
\BOOKMARK [0][-]{chapter*.1}{ABSTRACT}{}% 2
\BOOKMARK [0][-]{chapter.1}{第 1章  绪论}{}% 3
\BOOKMARK [1][-]{section.1.1}{1.1 课题的研究背景及意义}{chapter.1}% 4
\BOOKMARK [1][-]{section.1.2}{1.2 国内外研究现状}{chapter.1}% 5
\BOOKMARK [2][-]{subsection.1.2.1}{1.2.1 无线协作网络功率控制}{section.1.2}% 6
\BOOKMARK [2][-]{subsection.1.2.2}{1.2.2 无人机中继轨迹优化}{section.1.2}% 7
\BOOKMARK [2][-]{subsection.1.2.3}{1.2.3 中继选择与聚类算法}{section.1.2}% 8
\BOOKMARK [1][-]{section.1.3}{1.3 研究动机}{chapter.1}% 9
\BOOKMARK [2][-]{subsection.1.3.1}{1.3.1 车辆非密集网络通信快速性}{section.1.3}% 10
\BOOKMARK [2][-]{subsection.1.3.2}{1.3.2 车辆密集网络通信可靠性}{section.1.3}% 11
\BOOKMARK [2][-]{subsection.1.3.3}{1.3.3 双工车联网的可靠性和快速性均衡}{section.1.3}% 12
\BOOKMARK [1][-]{section.1.4}{1.4 论文结构安排}{chapter.1}% 13
\BOOKMARK [0][-]{chapter.2}{第 2章  车联网技术的网络资源优化理论基础}{}% 14
\BOOKMARK [1][-]{section.2.1}{2.1 相关技术的理论基础}{chapter.2}% 15
\BOOKMARK [2][-]{subsection.2.1.1}{2.1.1 NOMA技术的理论基础}{section.2.1}% 16
\BOOKMARK [2][-]{subsection.2.1.2}{2.1.2 CR技术的理论基础}{section.2.1}% 17
\BOOKMARK [2][-]{subsection.2.1.3}{2.1.3 MEC技术的理论基础}{section.2.1}% 18
\BOOKMARK [1][-]{section.2.2}{2.2 相关优化理论概述}{chapter.2}% 19
\BOOKMARK [2][-]{subsection.2.2.1}{2.2.1 凸优化理论}{section.2.2}% 20
\BOOKMARK [2][-]{subsection.2.2.2}{2.2.2 博弈论}{section.2.2}% 21
\BOOKMARK [1][-]{section.2.3}{2.3 本章小结}{chapter.2}% 22
\BOOKMARK [0][-]{chapter.3}{第 3章  云辅助的车辆网络功率控制与任务卸载}{}% 23
\BOOKMARK [1][-]{section.3.1}{3.1 引言}{chapter.3}% 24
\BOOKMARK [1][-]{section.3.2}{3.2 系统模型与问题描述}{chapter.3}% 25
\BOOKMARK [2][-]{subsection.3.2.1}{3.2.1 通信模型}{section.3.2}% 26
\BOOKMARK [2][-]{subsection.3.2.2}{3.2.2 车辆计算模型}{section.3.2}% 27
\BOOKMARK [2][-]{subsection.3.2.3}{3.2.3 问题的定义}{section.3.2}% 28
\BOOKMARK [1][-]{section.3.3}{3.3 问题的求解}{chapter.3}% 29
\BOOKMARK [2][-]{subsection.3.3.1}{3.3.1 目标方程中的连续凸逼近方法}{section.3.3}% 30
\BOOKMARK [2][-]{subsection.3.3.2}{3.3.2 中断概率的近似}{section.3.3}% 31
\BOOKMARK [2][-]{subsection.3.3.3}{3.3.3 优化功率问题}{section.3.3}% 32
\BOOKMARK [2][-]{subsection.3.3.4}{3.3.4 计算资源分配}{section.3.3}% 33
\BOOKMARK [1][-]{section.3.4}{3.4 仿真结果和性能分析}{chapter.3}% 34
\BOOKMARK [1][-]{section.3.5}{3.5 本章小结}{chapter.3}% 35
\BOOKMARK [1][-]{section.3.6}{3.6 表格的引用}{chapter.3}% 36
\BOOKMARK [1][-]{section.3.7}{3.7 本章小结}{chapter.3}% 37
\BOOKMARK [0][-]{chapter.4}{第 4章  联合无人机轨迹优化和定价的鲁棒功率控制方法}{}% 38
\BOOKMARK [1][-]{section.4.1}{4.1 引言}{chapter.4}% 39
\BOOKMARK [1][-]{section.4.2}{4.2 系统模型}{chapter.4}% 40
\BOOKMARK [2][-]{subsection.4.2.1}{4.2.1 通信模型与能耗模型}{section.4.2}% 41
\BOOKMARK [2][-]{subsection.4.2.2}{4.2.2 问题的定义}{section.4.2}% 42
\BOOKMARK [1][-]{section.4.3}{4.3 能效最大化问题求解}{chapter.4}% 43
\BOOKMARK [2][-]{subsection.4.3.1}{4.3.1 概率约束的近似与车辆发射功率优化问题}{section.4.3}% 44
\BOOKMARK [2][-]{subsection.4.3.2}{4.3.2 无人机飞行轨迹规划问题}{section.4.3}% 45
\BOOKMARK [2][-]{subsection.4.3.3}{4.3.3 总体算法设计}{section.4.3}% 46
\BOOKMARK [1][-]{section.4.4}{4.4 算法与仿真验证}{chapter.4}% 47
\BOOKMARK [1][-]{section.4.5}{4.5 本章小结}{chapter.4}% 48
\BOOKMARK [0][-]{chapter*.27}{结 论}{}% 49
\BOOKMARK [0][-]{appendix*.28}{参考文献}{}% 50
\BOOKMARK [0][-]{appendix*.29}{攻读硕士学位期间承担的科研任务与主要成果}{}% 51
\BOOKMARK [0][-]{appendix*.30}{致 谢}{}% 52
