This is pdfTeX, Version 3.1415926-2.3-1.40.12 (MiKTeX 2.9) (preloaded format=latex 2020.9.23)  24 JUL 2021 17:31
entering extended mode
**zshresponse.tex

(C:\Users\hans\Desktop\ËÆ∫Êñá‰∫å‰∏ÄÂÆ°‰øÆÊîπ\ÂõûÂ§çÊ®°Êùø\zsh‰øÆÊîπ2.18\ËµµÊùæÊ
ôóÂõûÂ§çÊÑèËßÅ2021.2.18\zshresponse.tex
LaTeX2e <2011/06/27>
Babel <v3.8m> and hyphenation patterns for loaded.
(E:\CTEX\MiKTeX\tex\latex\base\article.cls
Document Class: article 2007/10/19 v1.4h Standard LaTeX document class
(E:\CTEX\MiKTeX\tex\latex\base\size12.clo
File: size12.clo 2007/10/19 v1.4h Standard LaTeX file (size option)
)
\c@part=\count79
\c@section=\count80
\c@subsection=\count81
\c@subsubsection=\count82
\c@paragraph=\count83
\c@subparagraph=\count84
\c@figure=\count85
\c@table=\count86
\abovecaptionskip=\skip41
\belowcaptionskip=\skip42
\bibindent=\dimen102
)
(E:\CTEX\MiKTeX\tex\latex\amsfonts\amsfonts.sty
Package: amsfonts 2009/06/22 v3.00 Basic AMSFonts support
\@emptytoks=\toks14
\symAMSa=\mathgroup4
\symAMSb=\mathgroup5
LaTeX Font Info:    Overwriting math alphabet `\mathfrak' in version `bold'
(Font)                  U/euf/m/n --> U/euf/b/n on input line 96.
)
(E:\CTEX\MiKTeX\tex\latex\jknappen\mathrsfs.sty
Package: mathrsfs 1996/01/01 Math RSFS package v1.0 (jk)
\symrsfs=\mathgroup6
)
(E:\CTEX\MiKTeX\tex\latex\booktabs\booktabs.sty
Package: booktabs 2005/04/14 v1.61803 publication quality tables
\heavyrulewidth=\dimen103
\lightrulewidth=\dimen104
\cmidrulewidth=\dimen105
\belowrulesep=\dimen106
\belowbottomsep=\dimen107
\aboverulesep=\dimen108
\abovetopsep=\dimen109
\cmidrulesep=\dimen110
\cmidrulekern=\dimen111
\defaultaddspace=\dimen112
\@cmidla=\count87
\@cmidlb=\count88
\@aboverulesep=\dimen113
\@belowrulesep=\dimen114
\@thisruleclass=\count89
\@lastruleclass=\count90
\@thisrulewidth=\dimen115
)
(E:\CTEX\MiKTeX\tex\latex\graphics\graphicx.sty
Package: graphicx 1999/02/16 v1.0f Enhanced LaTeX Graphics (DPC,SPQR)

(E:\CTEX\MiKTeX\tex\latex\graphics\keyval.sty
Package: keyval 1999/03/16 v1.13 key=value parser (DPC)
\KV@toks@=\toks15
)
(E:\CTEX\MiKTeX\tex\latex\graphics\graphics.sty
Package: graphics 2009/02/05 v1.0o Standard LaTeX Graphics (DPC,SPQR)

(E:\CTEX\MiKTeX\tex\latex\graphics\trig.sty
Package: trig 1999/03/16 v1.09 sin cos tan (DPC)
)
(E:\CTEX\MiKTeX\tex\latex\00miktex\graphics.cfg
File: graphics.cfg 2007/01/18 v1.5 graphics configuration of teTeX/TeXLive
)
Package graphics Info: Driver file: dvips.def on input line 91.

(E:\CTEX\MiKTeX\tex\latex\graphics\dvips.def
File: dvips.def 1999/02/16 v3.0i Driver-dependant file (DPC,SPQR)
))
\Gin@req@height=\dimen116
\Gin@req@width=\dimen117
)
(E:\CTEX\MiKTeX\tex\latex\graphics\color.sty
Package: color 2005/11/14 v1.0j Standard LaTeX Color (DPC)

(E:\CTEX\MiKTeX\tex\latex\00miktex\color.cfg
File: color.cfg 2007/01/18 v1.5 color configuration of teTeX/TeXLive
)
Package color Info: Driver file: dvips.def on input line 130.

(E:\CTEX\MiKTeX\tex\latex\graphics\dvipsnam.def
File: dvipsnam.def 1999/02/16 v3.0i Driver-dependant file (DPC,SPQR)
))
(E:\CTEX\MiKTeX\tex\latex\algorithms\algorithm.sty
Package: algorithm 2009/08/24 v0.1 Document Style `algorithm' - floating enviro
nment

(E:\CTEX\MiKTeX\tex\latex\float\float.sty
Package: float 2001/11/08 v1.3d Float enhancements (AL)
\c@float@type=\count91
\float@exts=\toks16
\float@box=\box26
\@float@everytoks=\toks17
\@floatcapt=\box27
)
(E:\CTEX\MiKTeX\tex\latex\base\ifthen.sty
Package: ifthen 2001/05/26 v1.1c Standard LaTeX ifthen package (DPC)
)
\@float@every@algorithm=\toks18
\c@algorithm=\count92
)
(E:\CTEX\MiKTeX\tex\latex\algorithms\algorithmic.sty
Package: algorithmic 2009/08/24 v0.1 Document Style `algorithmic'
\c@ALC@unique=\count93
\c@ALC@line=\count94
\c@ALC@rem=\count95
\c@ALC@depth=\count96
\ALC@tlm=\skip43
\algorithmicindent=\skip44
)
(E:\CTEX\MiKTeX\tex\latex\ams\math\amsmath.sty
Package: amsmath 2000/07/18 v2.13 AMS math features
\@mathmargin=\skip45

For additional information on amsmath, use the `?' option.
(E:\CTEX\MiKTeX\tex\latex\ams\math\amstext.sty
Package: amstext 2000/06/29 v2.01

(E:\CTEX\MiKTeX\tex\latex\ams\math\amsgen.sty
File: amsgen.sty 1999/11/30 v2.0
\@emptytoks=\toks19
\ex@=\dimen118
))
(E:\CTEX\MiKTeX\tex\latex\ams\math\amsbsy.sty
Package: amsbsy 1999/11/29 v1.2d
\pmbraise@=\dimen119
)
(E:\CTEX\MiKTeX\tex\latex\ams\math\amsopn.sty
Package: amsopn 1999/12/14 v2.01 operator names
)
\inf@bad=\count97
LaTeX Info: Redefining \frac on input line 211.
\uproot@=\count98
\leftroot@=\count99
LaTeX Info: Redefining \overline on input line 307.
\classnum@=\count100
\DOTSCASE@=\count101
LaTeX Info: Redefining \ldots on input line 379.
LaTeX Info: Redefining \dots on input line 382.
LaTeX Info: Redefining \cdots on input line 467.
\Mathstrutbox@=\box28
\strutbox@=\box29
\big@size=\dimen120
LaTeX Font Info:    Redeclaring font encoding OML on input line 567.
LaTeX Font Info:    Redeclaring font encoding OMS on input line 568.
\macc@depth=\count102
\c@MaxMatrixCols=\count103
\dotsspace@=\muskip10
\c@parentequation=\count104
\dspbrk@lvl=\count105
\tag@help=\toks20
\row@=\count106
\column@=\count107
\maxfields@=\count108
\andhelp@=\toks21
\eqnshift@=\dimen121
\alignsep@=\dimen122
\tagshift@=\dimen123
\tagwidth@=\dimen124
\totwidth@=\dimen125
\lineht@=\dimen126
\@envbody=\toks22
\multlinegap=\skip46
\multlinetaggap=\skip47
\mathdisplay@stack=\toks23
LaTeX Info: Redefining \[ on input line 2666.
LaTeX Info: Redefining \] on input line 2667.
)
(E:\CTEX\MiKTeX\tex\latex\subfigure\subfigure.sty
Package: subfigure 2002/07/30 v2.1.4 subfigure package
\subfigtopskip=\skip48
\subfigcapskip=\skip49
\subfigcaptopadj=\dimen127
\subfigbottomskip=\skip50
\subfigcapmargin=\dimen128
\subfiglabelskip=\skip51
\c@subfigure=\count109
\c@lofdepth=\count110
\c@subtable=\count111
\c@lotdepth=\count112

****************************************
* Local config file subfigure.cfg used *
****************************************
(E:\CTEX\MiKTeX\tex\latex\subfigure\subfigure.cfg)
\subfig@top=\skip52
\subfig@bottom=\skip53
)
(E:\CTEX\MiKTeX\tex\latex\cases\cases.sty
Package: cases 2002/05/02 ver 2.5 
)
\c@mytempeqncnt=\count113

(E:\CTEX\MiKTeX\tex\latex\amsfonts\amssymb.sty
Package: amssymb 2009/06/22 v3.00
)
\c@remark=\count114

(C:\Users\hans\Desktop\ËÆ∫Êñá‰∫å‰∏ÄÂÆ°‰øÆÊîπ\ÂõûÂ§çÊ®°Êùø\zsh‰øÆÊîπ2.18\ËµµÊùæÊ
ôóÂõûÂ§çÊÑèËßÅ2021.2.18\zshresponse.aux

LaTeX Warning: Label `8' multiply defined.

)
LaTeX Font Info:    Checking defaults for OML/cmm/m/it on input line 60.
LaTeX Font Info:    ... okay on input line 60.
LaTeX Font Info:    Checking defaults for T1/cmr/m/n on input line 60.
LaTeX Font Info:    ... okay on input line 60.
LaTeX Font Info:    Checking defaults for OT1/cmr/m/n on input line 60.
LaTeX Font Info:    ... okay on input line 60.
LaTeX Font Info:    Checking defaults for OMS/cmsy/m/n on input line 60.
LaTeX Font Info:    ... okay on input line 60.
LaTeX Font Info:    Checking defaults for OMX/cmex/m/n on input line 60.
LaTeX Font Info:    ... okay on input line 60.
LaTeX Font Info:    Checking defaults for U/cmr/m/n on input line 60.
LaTeX Font Info:    ... okay on input line 60.

Underfull \hbox (badness 10000) in paragraph at lines 78--79

 []

[1

]
LaTeX Font Info:    Try loading font information for U+msa on input line 112.
 (E:\CTEX\MiKTeX\tex\latex\amsfonts\umsa.fd
File: umsa.fd 2009/06/22 v3.00 AMS symbols A
)
LaTeX Font Info:    Try loading font information for U+msb on input line 112.

(E:\CTEX\MiKTeX\tex\latex\amsfonts\umsb.fd
File: umsb.fd 2009/06/22 v3.00 AMS symbols B
)
LaTeX Font Info:    Try loading font information for U+rsfs on input line 112.

(E:\CTEX\MiKTeX\tex\latex\jknappen\ursfs.fd
File: ursfs.fd 1998/03/24 rsfs font definition file (jk)
) [2]
File: EH.eps Graphic file (type eps)
 <EH.eps> [3] [4] [5]
File: piconvergence.eps Graphic file (type eps)

<piconvergence.eps>
File: pciconvergence.eps Graphic file (type eps)
 <pciconvergence.eps>
File: tconvergence.eps Graphic file (type eps)
 <tconvergence.eps>
File: EHandEAs.eps Graphic file (type eps)
 <EHandEAs.eps>
[6]
File: Fairness1.eps Graphic file (type eps)
 <Fairness1.eps>
File: Fairness2.eps Graphic file (type eps)
 <Fairness2.eps>
File: Fairness3.eps Graphic file (type eps)
 <Fairness3.eps> [7]
File: PE.eps Graphic file (type eps)
 <PE.eps> [8]
File: R.eps Graphic file (type eps)
 <R.eps>
Missing character: There is no ° in font cmr10!
Missing character: There is no Ø in font cmr10!

[9] [10]
File: model.eps Graphic file (type eps)
 <model.eps>
File: frame.eps Graphic file (type eps)
 <frame.eps> [11] [12] [13] [14]
File: piconvergence.eps Graphic file (type eps)
 <piconvergence.eps>
File: pciconvergence.eps Graphic file (type eps)

<pciconvergence.eps>
File: tconvergence.eps Graphic file (type eps)
 <tconvergence.eps> [15]
File: EHandEAs.eps Graphic file (type eps)
 <EHandEAs.eps>
File: Fairness1.eps Graphic file (type eps)
 <Fairness1.eps>
File: Fairness2.eps Graphic file (type eps)

<Fairness2.eps>
File: Fairness3.eps Graphic file (type eps)
 <Fairness3.eps> [16]
File: PE.eps Graphic file (type eps)
 <PE.eps> [17]
File: R.eps Graphic file (type eps)
 <R.eps>
Missing character: There is no ° in font cmr10!
Missing character: There is no Ø in font cmr10!
 [18]
Missing character: There is no ° in font cmr12!
Missing character: There is no ∞ in font cmr12!
Missing character: There is no ° in font cmr12!
Missing character: There is no ± in font cmr12!
 [19]
Missing character: There is no ° in font cmr12!
Missing character: There is no Ø in font cmr12!
 [20]
Missing character: There is no ° in font cmr12!
Missing character: There is no Ø in font cmr12!

[21]
Missing character: There is no ° in font cmr12!
Missing character: There is no Ø in font cmr12!
File: piconvergence.eps Graphic file (type eps)
 <piconvergence.eps>
File: pciconvergence.eps Graphic file (type eps)
 <pciconvergence.eps> [22]
(C:\Users\hans\Desktop\ËÆ∫Êñá‰∫å‰∏ÄÂÆ°‰øÆÊîπ\ÂõûÂ§çÊ®°Êùø\zsh‰øÆÊîπ2.18\ËµµÊùæÊ
ôóÂõûÂ§çÊÑèËßÅ2021.2.18\zshresponse.aux)

LaTeX Warning: There were multiply-defined labels.

 ) 
Here is how much of TeX's memory you used:
 2284 strings out of 495355
 27663 string characters out of 3183882
 80668 words of memory out of 3000000
 5402 multiletter control sequences out of 15000+200000
 22895 words of font info for 90 fonts, out of 3000000 for 9000
 14 hyphenation exceptions out of 8191
 29i,16n,24p,1253b,509s stack positions out of 5000i,500n,10000p,200000b,50000s

Output written on zshresponse.dvi (22 pages, 100520 bytes).
