\BOOKMARK [0][-]{chapter*.1}{摘 要}{}% 1
\BOOKMARK [0][-]{chapter*.1}{ABSTRACT}{}% 2
\BOOKMARK [0][-]{chapter.1}{第 1章  绪论}{}% 3
\BOOKMARK [1][-]{section.1.1}{1.1 课题的研究背景及意义}{chapter.1}% 4
\BOOKMARK [1][-]{section.1.2}{1.2 国内外研究现状}{chapter.1}% 5
\BOOKMARK [2][-]{subsection.1.2.1}{1.2.1 车联网干扰管理}{section.1.2}% 6
\BOOKMARK [2][-]{subsection.1.2.2}{1.2.2 云计算与边缘计算}{section.1.2}% 7
\BOOKMARK [2][-]{subsection.1.2.3}{1.2.3 无人机辅助车联网的轨迹优化}{section.1.2}% 8
\BOOKMARK [1][-]{section.1.3}{1.3 研究动机}{chapter.1}% 9
\BOOKMARK [1][-]{section.1.4}{1.4 论文结构安排}{chapter.1}% 10
\BOOKMARK [0][-]{chapter.2}{第 2章  基于博弈论的鲁棒干扰管理异构车载网络中的大规模空地一体化通信 异构车载网络}{}% 11
\BOOKMARK [1][-]{section.2.1}{2.1 引言}{chapter.2}% 12
\BOOKMARK [1][-]{section.2.2}{2.2 问题构建}{chapter.2}% 13
\BOOKMARK [2][-]{subsection.2.2.1}{2.2.1 系统及信道模型}{section.2.2}% 14
\BOOKMARK [2][-]{subsection.2.2.2}{2.2.2 博弈论问题}{section.2.2}% 15
\BOOKMARK [1][-]{section.2.3}{2.3 博弈问题求解}{chapter.2}% 16
\BOOKMARK [2][-]{subsection.2.3.1}{2.3.1 概率约束的转化}{section.2.3}% 17
\BOOKMARK [2][-]{subsection.2.3.2}{2.3.2 求解下层子问题}{section.2.3}% 18
\BOOKMARK [2][-]{subsection.2.3.3}{2.3.3 求解上层子问题}{section.2.3}% 19
\BOOKMARK [1][-]{section.2.4}{2.4 算法与仿真验证}{chapter.2}% 20
\BOOKMARK [2][-]{subsection.2.4.1}{2.4.1 斯塔克尔伯格博弈的迭代算法}{section.2.4}% 21
\BOOKMARK [2][-]{subsection.2.4.2}{2.4.2 仿真分析}{section.2.4}% 22
\BOOKMARK [1][-]{section.2.5}{2.5 本章小结}{chapter.2}% 23
\BOOKMARK [0][-]{chapter.3}{第 3章  云辅助的车辆网络功率控制与任务卸载}{}% 24
\BOOKMARK [1][-]{section.3.1}{3.1 引言}{chapter.3}% 25
\BOOKMARK [1][-]{section.3.2}{3.2 系统模型与问题描述}{chapter.3}% 26
\BOOKMARK [2][-]{subsection.3.2.1}{3.2.1 通信模型}{section.3.2}% 27
\BOOKMARK [2][-]{subsection.3.2.2}{3.2.2 车辆计算模型}{section.3.2}% 28
\BOOKMARK [2][-]{subsection.3.2.3}{3.2.3 问题的定义}{section.3.2}% 29
\BOOKMARK [1][-]{section.3.3}{3.3 问题的求解}{chapter.3}% 30
\BOOKMARK [2][-]{subsection.3.3.1}{3.3.1 目标方程中的连续凸逼近方法}{section.3.3}% 31
\BOOKMARK [2][-]{subsection.3.3.2}{3.3.2 中断概率的近似}{section.3.3}% 32
\BOOKMARK [2][-]{subsection.3.3.3}{3.3.3 优化功率问题}{section.3.3}% 33
\BOOKMARK [2][-]{subsection.3.3.4}{3.3.4 计算资源分配}{section.3.3}% 34
\BOOKMARK [1][-]{section.3.4}{3.4 算法与仿真验证}{chapter.3}% 35
\BOOKMARK [2][-]{subsection.3.4.1}{3.4.1 鲁棒的功率控制任务卸载调度算法}{section.3.4}% 36
\BOOKMARK [2][-]{subsection.3.4.2}{3.4.2 仿真分析}{section.3.4}% 37
\BOOKMARK [1][-]{section.3.5}{3.5 本章小结}{chapter.3}% 38
\BOOKMARK [0][-]{chapter.4}{第 4章  无人机辅助的双向车道边缘计算网络的鲁棒功率控制方法与轨迹优化}{}% 39
\BOOKMARK [1][-]{section.4.1}{4.1 引言}{chapter.4}% 40
\BOOKMARK [1][-]{section.4.2}{4.2 系统模型}{chapter.4}% 41
\BOOKMARK [2][-]{subsection.4.2.1}{4.2.1 车辆与地面基站通信计算与能耗模型}{section.4.2}% 42
\BOOKMARK [2][-]{subsection.4.2.2}{4.2.2 车辆与无人机通信与能耗模型}{section.4.2}% 43
\BOOKMARK [2][-]{subsection.4.2.3}{4.2.3 问题的定义}{section.4.2}% 44
\BOOKMARK [1][-]{section.4.3}{4.3 能效最大化问题求解}{chapter.4}% 45
\BOOKMARK [2][-]{subsection.4.3.1}{4.3.1 概率约束的近似与车辆发射功率优化问题}{section.4.3}% 46
\BOOKMARK [2][-]{subsection.4.3.2}{4.3.2 无人机飞行轨迹规划问题}{section.4.3}% 47
\BOOKMARK [2][-]{subsection.4.3.3}{4.3.3 计算时间约束转化与时隙资源分配问题}{section.4.3}% 48
\BOOKMARK [1][-]{section.4.4}{4.4 算法与仿真验证}{chapter.4}% 49
\BOOKMARK [2][-]{subsection.4.4.1}{4.4.1 总体算法设计}{section.4.4}% 50
\BOOKMARK [2][-]{subsection.4.4.2}{4.4.2 仿真分析}{section.4.4}% 51
\BOOKMARK [1][-]{section.4.5}{4.5 本章小结}{chapter.4}% 52
\BOOKMARK [0][-]{chapter*.92}{结 论}{}% 53
\BOOKMARK [0][-]{appendix*.93}{参考文献}{}% 54
\BOOKMARK [0][-]{appendix*.94}{攻读硕士学位期间承担的科研任务与主要成果}{}% 55
\BOOKMARK [0][-]{appendix*.95}{致 谢}{}% 56
